{"/Users/bobstewart/.archon/worktrees/aeonsynthesis/exochain/archon/thread-263de2d8/demo/packages/exochain-wasm/index.js": {"path":"/Users/bobstewart/.archon/worktrees/aeonsynthesis/exochain/archon/thread-263de2d8/demo/packages/exochain-wasm/index.js","all":true,"statementMap":{"0":{"start":{"line":1,"column":0},"end":{"line":1,"column":44}},"1":{"start":{"line":2,"column":0},"end":{"line":2,"column":61}},"3":{"start":{"line":4,"column":0},"end":{"line":4,"column":48}},"5":{"start":{"line":6,"column":0},"end":{"line":6,"column":22}}},"s":{"0":0,"1":0,"3":0,"5":0},"branchMap":{"0":{"type":"branch","line":1,"loc":{"start":{"line":1,"column":180},"end":{"line":6,"column":22}},"locations":[{"start":{"line":1,"column":180},"end":{"line":6,"column":22}}]}},"b":{"0":[0]},"fnMap":{"0":{"name":"(empty-report)","decl":{"start":{"line":1,"column":180},"end":{"line":6,"column":22}},"loc":{"start":{"line":1,"column":180},"end":{"line":6,"column":22}},"line":1}},"f":{"0":0}}
,"/Users/bobstewart/.archon/worktrees/aeonsynthesis/exochain/archon/thread-263de2d8/demo/packages/exochain-wasm/test.mjs": {"path":"/Users/bobstewart/.archon/worktrees/aeonsynthesis/exochain/archon/thread-263de2d8/demo/packages/exochain-wasm/test.mjs","all":true,"statementMap":{"0":{"start":{"line":1,"column":0},"end":{"line":1,"column":19}},"1":{"start":{"line":2,"column":0},"end":{"line":2,"column":49}},"2":{"start":{"line":3,"column":0},"end":{"line":3,"column":77}},"3":{"start":{"line":4,"column":0},"end":{"line":4,"column":50}},"5":{"start":{"line":6,"column":0},"end":{"line":6,"column":39}},"6":{"start":{"line":7,"column":0},"end":{"line":7,"column":47}},"7":{"start":{"line":8,"column":0},"end":{"line":8,"column":48}},"9":{"start":{"line":10,"column":0},"end":{"line":10,"column":15}},"10":{"start":{"line":11,"column":0},"end":{"line":11,"column":15}},"12":{"start":{"line":13,"column":0},"end":{"line":13,"column":25}},"13":{"start":{"line":14,"column":0},"end":{"line":14,"column":7}},"14":{"start":{"line":15,"column":0},"end":{"line":15,"column":9}},"15":{"start":{"line":16,"column":0},"end":{"line":16,"column":31}},"16":{"start":{"line":17,"column":0},"end":{"line":17,"column":13}},"17":{"start":{"line":18,"column":0},"end":{"line":18,"column":15}},"18":{"start":{"line":19,"column":0},"end":{"line":19,"column":31}},"19":{"start":{"line":20,"column":0},"end":{"line":20,"column":41}},"20":{"start":{"line":21,"column":0},"end":{"line":21,"column":13}},"21":{"start":{"line":22,"column":0},"end":{"line":22,"column":3}},"22":{"start":{"line":23,"column":0},"end":{"line":23,"column":1}},"24":{"start":{"line":25,"column":0},"end":{"line":25,"column":33}},"25":{"start":{"line":26,"column":0},"end":{"line":26,"column":61}},"26":{"start":{"line":27,"column":0},"end":{"line":27,"column":1}},"28":{"start":{"line":29,"column":0},"end":{"line":29,"column":66}},"29":{"start":{"line":30,"column":0},"end":{"line":30,"column":16}},"30":{"start":{"line":31,"column":0},"end":{"line":31,"column":66}},"31":{"start":{"line":32,"column":0},"end":{"line":32,"column":37}},"33":{"start":{"line":34,"column":0},"end":{"line":34,"column":47}},"34":{"start":{"line":35,"column":0},"end":{"line":35,"column":66}},"35":{"start":{"line":36,"column":0},"end":{"line":36,"column":60}},"36":{"start":{"line":37,"column":0},"end":{"line":37,"column":77}},"37":{"start":{"line":38,"column":0},"end":{"line":38,"column":3}},"39":{"start":{"line":40,"column":0},"end":{"line":40,"column":59}},"40":{"start":{"line":41,"column":0},"end":{"line":41,"column":50}},"41":{"start":{"line":42,"column":0},"end":{"line":42,"column":50}},"42":{"start":{"line":43,"column":0},"end":{"line":43,"column":59}},"43":{"start":{"line":44,"column":0},"end":{"line":44,"column":3}},"45":{"start":{"line":46,"column":0},"end":{"line":46,"column":51}},"46":{"start":{"line":47,"column":0},"end":{"line":47,"column":42}},"47":{"start":{"line":48,"column":0},"end":{"line":48,"column":50}},"48":{"start":{"line":49,"column":0},"end":{"line":49,"column":50}},"49":{"start":{"line":50,"column":0},"end":{"line":50,"column":104}},"50":{"start":{"line":51,"column":0},"end":{"line":51,"column":3}},"52":{"start":{"line":53,"column":0},"end":{"line":53,"column":40}},"53":{"start":{"line":54,"column":0},"end":{"line":54,"column":42}},"54":{"start":{"line":55,"column":0},"end":{"line":55,"column":66}},"55":{"start":{"line":56,"column":0},"end":{"line":56,"column":49}},"56":{"start":{"line":57,"column":0},"end":{"line":57,"column":58}},"57":{"start":{"line":58,"column":0},"end":{"line":58,"column":52}},"58":{"start":{"line":59,"column":0},"end":{"line":59,"column":3}},"60":{"start":{"line":61,"column":0},"end":{"line":61,"column":44}},"61":{"start":{"line":62,"column":0},"end":{"line":62,"column":42}},"62":{"start":{"line":63,"column":0},"end":{"line":63,"column":40}},"63":{"start":{"line":64,"column":0},"end":{"line":64,"column":49}},"64":{"start":{"line":65,"column":0},"end":{"line":65,"column":78}},"65":{"start":{"line":66,"column":0},"end":{"line":66,"column":57}},"66":{"start":{"line":67,"column":0},"end":{"line":67,"column":3}},"68":{"start":{"line":69,"column":0},"end":{"line":69,"column":62}},"69":{"start":{"line":70,"column":0},"end":{"line":70,"column":66}},"70":{"start":{"line":71,"column":0},"end":{"line":71,"column":60}},"71":{"start":{"line":72,"column":0},"end":{"line":72,"column":66}},"72":{"start":{"line":73,"column":0},"end":{"line":73,"column":3}},"74":{"start":{"line":75,"column":0},"end":{"line":75,"column":56}},"75":{"start":{"line":76,"column":0},"end":{"line":76,"column":58}},"76":{"start":{"line":77,"column":0},"end":{"line":77,"column":3}},"78":{"start":{"line":79,"column":0},"end":{"line":79,"column":53}},"79":{"start":{"line":80,"column":0},"end":{"line":80,"column":58}},"80":{"start":{"line":81,"column":0},"end":{"line":81,"column":3}},"82":{"start":{"line":83,"column":0},"end":{"line":83,"column":35}},"83":{"start":{"line":84,"column":0},"end":{"line":84,"column":42}},"84":{"start":{"line":85,"column":0},"end":{"line":85,"column":44}},"85":{"start":{"line":86,"column":0},"end":{"line":86,"column":27}},"86":{"start":{"line":87,"column":0},"end":{"line":87,"column":30}},"87":{"start":{"line":88,"column":0},"end":{"line":88,"column":25}},"88":{"start":{"line":89,"column":0},"end":{"line":89,"column":18}},"89":{"start":{"line":90,"column":0},"end":{"line":90,"column":4}},"90":{"start":{"line":91,"column":0},"end":{"line":91,"column":116}},"91":{"start":{"line":92,"column":0},"end":{"line":92,"column":3}},"93":{"start":{"line":94,"column":0},"end":{"line":94,"column":65}},"94":{"start":{"line":95,"column":0},"end":{"line":95,"column":50}},"95":{"start":{"line":96,"column":0},"end":{"line":96,"column":61}},"96":{"start":{"line":97,"column":0},"end":{"line":97,"column":59}},"97":{"start":{"line":98,"column":0},"end":{"line":98,"column":54}},"98":{"start":{"line":99,"column":0},"end":{"line":99,"column":3}},"100":{"start":{"line":101,"column":0},"end":{"line":101,"column":66}},"101":{"start":{"line":102,"column":0},"end":{"line":102,"column":47}},"102":{"start":{"line":103,"column":0},"end":{"line":103,"column":66}},"103":{"start":{"line":104,"column":0},"end":{"line":104,"column":43}},"105":{"start":{"line":106,"column":0},"end":{"line":106,"column":43}},"106":{"start":{"line":107,"column":0},"end":{"line":107,"column":38}},"107":{"start":{"line":108,"column":0},"end":{"line":108,"column":54}},"108":{"start":{"line":109,"column":0},"end":{"line":109,"column":48}},"109":{"start":{"line":110,"column":0},"end":{"line":110,"column":62}},"110":{"start":{"line":111,"column":0},"end":{"line":111,"column":76}},"111":{"start":{"line":112,"column":0},"end":{"line":112,"column":3}},"113":{"start":{"line":114,"column":0},"end":{"line":114,"column":70}},"114":{"start":{"line":115,"column":0},"end":{"line":115,"column":64}},"115":{"start":{"line":116,"column":0},"end":{"line":116,"column":54}},"116":{"start":{"line":117,"column":0},"end":{"line":117,"column":102}},"117":{"start":{"line":118,"column":0},"end":{"line":118,"column":3}},"119":{"start":{"line":120,"column":0},"end":{"line":120,"column":50}},"120":{"start":{"line":121,"column":0},"end":{"line":121,"column":45}},"121":{"start":{"line":122,"column":0},"end":{"line":122,"column":55}},"122":{"start":{"line":123,"column":0},"end":{"line":123,"column":59}},"123":{"start":{"line":124,"column":0},"end":{"line":124,"column":61}},"124":{"start":{"line":125,"column":0},"end":{"line":125,"column":3}},"126":{"start":{"line":127,"column":0},"end":{"line":127,"column":66}},"127":{"start":{"line":128,"column":0},"end":{"line":128,"column":22}},"128":{"start":{"line":129,"column":0},"end":{"line":129,"column":66}},"129":{"start":{"line":130,"column":0},"end":{"line":130,"column":43}},"131":{"start":{"line":132,"column":0},"end":{"line":132,"column":44}},"132":{"start":{"line":133,"column":0},"end":{"line":133,"column":18}},"133":{"start":{"line":134,"column":0},"end":{"line":134,"column":14}},"134":{"start":{"line":135,"column":0},"end":{"line":135,"column":56}},"135":{"start":{"line":136,"column":0},"end":{"line":136,"column":5}},"136":{"start":{"line":137,"column":0},"end":{"line":137,"column":4}},"137":{"start":{"line":138,"column":0},"end":{"line":138,"column":43}},"138":{"start":{"line":139,"column":0},"end":{"line":139,"column":20}},"139":{"start":{"line":140,"column":0},"end":{"line":140,"column":23}},"140":{"start":{"line":141,"column":0},"end":{"line":141,"column":26}},"141":{"start":{"line":142,"column":0},"end":{"line":142,"column":4}},"142":{"start":{"line":143,"column":0},"end":{"line":143,"column":80}},"143":{"start":{"line":144,"column":0},"end":{"line":144,"column":3}},"145":{"start":{"line":146,"column":0},"end":{"line":146,"column":52}},"146":{"start":{"line":147,"column":0},"end":{"line":147,"column":18}},"147":{"start":{"line":148,"column":0},"end":{"line":148,"column":26}},"148":{"start":{"line":149,"column":0},"end":{"line":149,"column":31}},"149":{"start":{"line":150,"column":0},"end":{"line":150,"column":22}},"150":{"start":{"line":151,"column":0},"end":{"line":151,"column":43}},"151":{"start":{"line":152,"column":0},"end":{"line":152,"column":4}},"152":{"start":{"line":153,"column":0},"end":{"line":153,"column":43}},"153":{"start":{"line":154,"column":0},"end":{"line":154,"column":20}},"154":{"start":{"line":155,"column":0},"end":{"line":155,"column":27}},"155":{"start":{"line":156,"column":0},"end":{"line":156,"column":8}},"156":{"start":{"line":157,"column":0},"end":{"line":157,"column":4}},"157":{"start":{"line":158,"column":0},"end":{"line":158,"column":87}},"158":{"start":{"line":159,"column":0},"end":{"line":159,"column":3}},"160":{"start":{"line":161,"column":0},"end":{"line":161,"column":42}},"161":{"start":{"line":162,"column":0},"end":{"line":162,"column":38}},"162":{"start":{"line":163,"column":0},"end":{"line":163,"column":40}},"163":{"start":{"line":164,"column":0},"end":{"line":164,"column":20}},"164":{"start":{"line":165,"column":0},"end":{"line":165,"column":22}},"165":{"start":{"line":166,"column":0},"end":{"line":166,"column":14}},"166":{"start":{"line":167,"column":0},"end":{"line":167,"column":16}},"167":{"start":{"line":168,"column":0},"end":{"line":168,"column":4}},"168":{"start":{"line":169,"column":0},"end":{"line":169,"column":77}},"169":{"start":{"line":170,"column":0},"end":{"line":170,"column":52}},"170":{"start":{"line":171,"column":0},"end":{"line":171,"column":3}},"172":{"start":{"line":173,"column":0},"end":{"line":173,"column":66}},"173":{"start":{"line":174,"column":0},"end":{"line":174,"column":26}},"174":{"start":{"line":175,"column":0},"end":{"line":175,"column":66}},"175":{"start":{"line":176,"column":0},"end":{"line":176,"column":47}},"177":{"start":{"line":178,"column":0},"end":{"line":178,"column":55}},"178":{"start":{"line":179,"column":0},"end":{"line":179,"column":42}},"179":{"start":{"line":180,"column":0},"end":{"line":180,"column":45}},"180":{"start":{"line":181,"column":0},"end":{"line":181,"column":27}},"181":{"start":{"line":182,"column":0},"end":{"line":182,"column":20}},"182":{"start":{"line":183,"column":0},"end":{"line":183,"column":20}},"183":{"start":{"line":184,"column":0},"end":{"line":184,"column":4}},"184":{"start":{"line":185,"column":0},"end":{"line":185,"column":97}},"185":{"start":{"line":186,"column":0},"end":{"line":186,"column":45}},"186":{"start":{"line":187,"column":0},"end":{"line":187,"column":3}},"188":{"start":{"line":189,"column":0},"end":{"line":189,"column":67}},"189":{"start":{"line":190,"column":0},"end":{"line":190,"column":42}},"190":{"start":{"line":191,"column":0},"end":{"line":191,"column":88}},"191":{"start":{"line":192,"column":0},"end":{"line":192,"column":40}},"192":{"start":{"line":193,"column":0},"end":{"line":193,"column":96}},"193":{"start":{"line":194,"column":0},"end":{"line":194,"column":3}},"195":{"start":{"line":196,"column":0},"end":{"line":196,"column":51}},"196":{"start":{"line":197,"column":0},"end":{"line":197,"column":42}},"197":{"start":{"line":198,"column":0},"end":{"line":198,"column":93}},"198":{"start":{"line":199,"column":0},"end":{"line":199,"column":73}},"199":{"start":{"line":200,"column":0},"end":{"line":200,"column":59}},"200":{"start":{"line":201,"column":0},"end":{"line":201,"column":81}},"201":{"start":{"line":202,"column":0},"end":{"line":202,"column":3}},"203":{"start":{"line":204,"column":0},"end":{"line":204,"column":66}},"204":{"start":{"line":205,"column":0},"end":{"line":205,"column":20}},"205":{"start":{"line":206,"column":0},"end":{"line":206,"column":66}},"206":{"start":{"line":207,"column":0},"end":{"line":207,"column":41}},"208":{"start":{"line":209,"column":0},"end":{"line":209,"column":54}},"209":{"start":{"line":210,"column":0},"end":{"line":210,"column":59}},"210":{"start":{"line":211,"column":0},"end":{"line":211,"column":54}},"211":{"start":{"line":212,"column":0},"end":{"line":212,"column":65}},"212":{"start":{"line":213,"column":0},"end":{"line":213,"column":76}},"213":{"start":{"line":214,"column":0},"end":{"line":214,"column":3}},"215":{"start":{"line":216,"column":0},"end":{"line":216,"column":62}},"216":{"start":{"line":217,"column":0},"end":{"line":217,"column":52}},"217":{"start":{"line":218,"column":0},"end":{"line":218,"column":43}},"218":{"start":{"line":219,"column":0},"end":{"line":219,"column":3}},"220":{"start":{"line":221,"column":0},"end":{"line":221,"column":47}},"221":{"start":{"line":222,"column":0},"end":{"line":222,"column":44}},"222":{"start":{"line":223,"column":0},"end":{"line":223,"column":22}},"223":{"start":{"line":224,"column":0},"end":{"line":224,"column":23}},"224":{"start":{"line":225,"column":0},"end":{"line":225,"column":30}},"225":{"start":{"line":226,"column":0},"end":{"line":226,"column":15}},"226":{"start":{"line":227,"column":0},"end":{"line":227,"column":20}},"227":{"start":{"line":228,"column":0},"end":{"line":228,"column":4}},"228":{"start":{"line":229,"column":0},"end":{"line":229,"column":51}},"229":{"start":{"line":230,"column":0},"end":{"line":230,"column":3}},"231":{"start":{"line":232,"column":0},"end":{"line":232,"column":66}},"232":{"start":{"line":233,"column":0},"end":{"line":233,"column":19}},"233":{"start":{"line":234,"column":0},"end":{"line":234,"column":66}},"234":{"start":{"line":235,"column":0},"end":{"line":235,"column":40}},"236":{"start":{"line":237,"column":0},"end":{"line":237,"column":49}},"237":{"start":{"line":238,"column":0},"end":{"line":238,"column":46}},"238":{"start":{"line":239,"column":0},"end":{"line":239,"column":21}},"239":{"start":{"line":240,"column":0},"end":{"line":240,"column":21}},"240":{"start":{"line":241,"column":0},"end":{"line":241,"column":30}},"241":{"start":{"line":242,"column":0},"end":{"line":242,"column":18}},"242":{"start":{"line":243,"column":0},"end":{"line":243,"column":4}},"243":{"start":{"line":244,"column":0},"end":{"line":244,"column":45}},"244":{"start":{"line":245,"column":0},"end":{"line":245,"column":3}},"246":{"start":{"line":247,"column":0},"end":{"line":247,"column":66}},"247":{"start":{"line":248,"column":0},"end":{"line":248,"column":17}},"248":{"start":{"line":249,"column":0},"end":{"line":249,"column":66}},"249":{"start":{"line":250,"column":0},"end":{"line":250,"column":38}},"251":{"start":{"line":252,"column":0},"end":{"line":252,"column":56}},"252":{"start":{"line":253,"column":0},"end":{"line":253,"column":45}},"253":{"start":{"line":254,"column":0},"end":{"line":254,"column":33}},"254":{"start":{"line":255,"column":0},"end":{"line":255,"column":15}},"255":{"start":{"line":256,"column":0},"end":{"line":256,"column":21}},"256":{"start":{"line":257,"column":0},"end":{"line":257,"column":4}},"257":{"start":{"line":258,"column":0},"end":{"line":258,"column":45}},"258":{"start":{"line":259,"column":0},"end":{"line":259,"column":3}},"260":{"start":{"line":261,"column":0},"end":{"line":261,"column":66}},"261":{"start":{"line":262,"column":0},"end":{"line":262,"column":22}},"262":{"start":{"line":263,"column":0},"end":{"line":263,"column":66}},"263":{"start":{"line":264,"column":0},"end":{"line":264,"column":43}},"265":{"start":{"line":266,"column":0},"end":{"line":266,"column":51}},"266":{"start":{"line":267,"column":0},"end":{"line":267,"column":58}},"267":{"start":{"line":268,"column":0},"end":{"line":268,"column":73}},"268":{"start":{"line":269,"column":0},"end":{"line":269,"column":3}},"270":{"start":{"line":271,"column":0},"end":{"line":271,"column":66}},"271":{"start":{"line":272,"column":0},"end":{"line":272,"column":10}},"272":{"start":{"line":273,"column":0},"end":{"line":273,"column":66}},"273":{"start":{"line":274,"column":0},"end":{"line":274,"column":35}},"274":{"start":{"line":275,"column":0},"end":{"line":275,"column":87}},"275":{"start":{"line":276,"column":0},"end":{"line":276,"column":35}},"277":{"start":{"line":278,"column":0},"end":{"line":278,"column":17}},"278":{"start":{"line":279,"column":0},"end":{"line":279,"column":18}},"279":{"start":{"line":280,"column":0},"end":{"line":280,"column":1}}},"s":{"0":0,"1":0,"2":0,"3":0,"5":0,"6":0,"7":0,"9":0,"10":0,"12":0,"13":0,"14":0,"15":0,"16":0,"17":0,"18":0,"19":0,"20":0,"21":0,"22":0,"24":0,"25":0,"26":0,"28":0,"29":0,"30":0,"31":0,"33":0,"34":0,"35":0,"36":0,"37":0,"39":0,"40":0,"41":0,"42":0,"43":0,"45":0,"46":0,"47":0,"48":0,"49":0,"50":0,"52":0,"53":0,"54":0,"55":0,"56":0,"57":0,"58":0,"60":0,"61":0,"62":0,"63":0,"64":0,"65":0,"66":0,"68":0,"69":0,"70":0,"71":0,"72":0,"74":0,"75":0,"76":0,"78":0,"79":0,"80":0,"82":0,"83":0,"84":0,"85":0,"86":0,"87":0,"88":0,"89":0,"90":0,"91":0,"93":0,"94":0,"95":0,"96":0,"97":0,"98":0,"100":0,"101":0,"102":0,"103":0,"105":0,"106":0,"107":0,"108":0,"109":0,"110":0,"111":0,"113":0,"114":0,"115":0,"116":0,"117":0,"119":0,"120":0,"121":0,"122":0,"123":0,"124":0,"126":0,"127":0,"128":0,"129":0,"131":0,"132":0,"133":0,"134":0,"135":0,"136":0,"137":0,"138":0,"139":0,"140":0,"141":0,"142":0,"143":0,"145":0,"146":0,"147":0,"148":0,"149":0,"150":0,"151":0,"152":0,"153":0,"154":0,"155":0,"156":0,"157":0,"158":0,"160":0,"161":0,"162":0,"163":0,"164":0,"165":0,"166":0,"167":0,"168":0,"169":0,"170":0,"172":0,"173":0,"174":0,"175":0,"177":0,"178":0,"179":0,"180":0,"181":0,"182":0,"183":0,"184":0,"185":0,"186":0,"188":0,"189":0,"190":0,"191":0,"192":0,"193":0,"195":0,"196":0,"197":0,"198":0,"199":0,"200":0,"201":0,"203":0,"204":0,"205":0,"206":0,"208":0,"209":0,"210":0,"211":0,"212":0,"213":0,"215":0,"216":0,"217":0,"218":0,"220":0,"221":0,"222":0,"223":0,"224":0,"225":0,"226":0,"227":0,"228":0,"229":0,"231":0,"232":0,"233":0,"234":0,"236":0,"237":0,"238":0,"239":0,"240":0,"241":0,"242":0,"243":0,"244":0,"246":0,"247":0,"248":0,"249":0,"251":0,"252":0,"253":0,"254":0,"255":0,"256":0,"257":0,"258":0,"260":0,"261":0,"262":0,"263":0,"265":0,"266":0,"267":0,"268":0,"270":0,"271":0,"272":0,"273":0,"274":0,"275":0,"277":0,"278":0,"279":0},"branchMap":{"0":{"type":"branch","line":1,"loc":{"start":{"line":1,"column":0},"end":{"line":280,"column":-102}},"locations":[{"start":{"line":1,"column":0},"end":{"line":280,"column":-102}}]}},"b":{"0":[0]},"fnMap":{"0":{"name":"(empty-report)","decl":{"start":{"line":1,"column":0},"end":{"line":280,"column":-102}},"loc":{"start":{"line":1,"column":0},"end":{"line":280,"column":-102}},"line":1}},"f":{"0":0}}
,"/Users/bobstewart/.archon/worktrees/aeonsynthesis/exochain/archon/thread-263de2d8/demo/packages/shared/src/index.js": {"path":"/Users/bobstewart/.archon/worktrees/aeonsynthesis/exochain/archon/thread-263de2d8/demo/packages/shared/src/index.js","all":true,"statementMap":{"0":{"start":{"line":1,"column":0},"end":{"line":1,"column":57}},"1":{"start":{"line":2,"column":0},"end":{"line":2,"column":20}},"3":{"start":{"line":4,"column":0},"end":{"line":4,"column":16}},"4":{"start":{"line":5,"column":0},"end":{"line":5,"column":22}},"6":{"start":{"line":7,"column":0},"end":{"line":7,"column":27}},"7":{"start":{"line":8,"column":0},"end":{"line":8,"column":14}},"8":{"start":{"line":9,"column":0},"end":{"line":9,"column":24}},"9":{"start":{"line":10,"column":0},"end":{"line":10,"column":111}},"10":{"start":{"line":11,"column":0},"end":{"line":11,"column":7}},"11":{"start":{"line":12,"column":0},"end":{"line":12,"column":3}},"12":{"start":{"line":13,"column":0},"end":{"line":13,"column":14}},"13":{"start":{"line":14,"column":0},"end":{"line":14,"column":1}},"15":{"start":{"line":16,"column":0},"end":{"line":16,"column":27}},"16":{"start":{"line":17,"column":0},"end":{"line":17,"column":20}},"17":{"start":{"line":18,"column":0},"end":{"line":18,"column":52}},"18":{"start":{"line":19,"column":0},"end":{"line":19,"column":3}},"19":{"start":{"line":20,"column":0},"end":{"line":20,"column":20}},"20":{"start":{"line":21,"column":0},"end":{"line":21,"column":1}},"22":{"start":{"line":23,"column":0},"end":{"line":23,"column":30}},"23":{"start":{"line":24,"column":0},"end":{"line":24,"column":41}},"24":{"start":{"line":25,"column":0},"end":{"line":25,"column":100}},"25":{"start":{"line":26,"column":0},"end":{"line":26,"column":32}},"26":{"start":{"line":27,"column":0},"end":{"line":27,"column":1}},"28":{"start":{"line":29,"column":0},"end":{"line":29,"column":21}},"29":{"start":{"line":30,"column":0},"end":{"line":30,"column":32}},"30":{"start":{"line":31,"column":0},"end":{"line":31,"column":43}},"31":{"start":{"line":32,"column":0},"end":{"line":32,"column":18}},"32":{"start":{"line":33,"column":0},"end":{"line":33,"column":35}},"33":{"start":{"line":34,"column":0},"end":{"line":34,"column":25}},"34":{"start":{"line":35,"column":0},"end":{"line":35,"column":52}},"35":{"start":{"line":36,"column":0},"end":{"line":36,"column":30}},"36":{"start":{"line":37,"column":0},"end":{"line":37,"column":7}},"37":{"start":{"line":38,"column":0},"end":{"line":38,"column":5}},"38":{"start":{"line":39,"column":0},"end":{"line":39,"column":1}},"40":{"start":{"line":41,"column":0},"end":{"line":41,"column":16}},"41":{"start":{"line":42,"column":0},"end":{"line":42,"column":32}},"42":{"start":{"line":43,"column":0},"end":{"line":43,"column":20}},"43":{"start":{"line":44,"column":0},"end":{"line":44,"column":18}},"44":{"start":{"line":45,"column":0},"end":{"line":45,"column":74}},"45":{"start":{"line":46,"column":0},"end":{"line":46,"column":76}},"46":{"start":{"line":47,"column":0},"end":{"line":47,"column":33}},"47":{"start":{"line":48,"column":0},"end":{"line":48,"column":23}},"48":{"start":{"line":49,"column":0},"end":{"line":49,"column":37}},"49":{"start":{"line":50,"column":0},"end":{"line":50,"column":28}},"50":{"start":{"line":51,"column":0},"end":{"line":51,"column":45}},"51":{"start":{"line":52,"column":0},"end":{"line":52,"column":76}},"52":{"start":{"line":53,"column":0},"end":{"line":53,"column":72}},"53":{"start":{"line":54,"column":0},"end":{"line":54,"column":11}},"54":{"start":{"line":55,"column":0},"end":{"line":55,"column":25}},"55":{"start":{"line":56,"column":0},"end":{"line":56,"column":7}},"57":{"start":{"line":58,"column":0},"end":{"line":58,"column":65}},"58":{"start":{"line":59,"column":0},"end":{"line":59,"column":35}},"59":{"start":{"line":60,"column":0},"end":{"line":60,"column":73}},"60":{"start":{"line":61,"column":0},"end":{"line":61,"column":15}},"61":{"start":{"line":62,"column":0},"end":{"line":62,"column":47}},"62":{"start":{"line":63,"column":0},"end":{"line":63,"column":23}},"63":{"start":{"line":64,"column":0},"end":{"line":64,"column":72}},"64":{"start":{"line":65,"column":0},"end":{"line":65,"column":49}},"65":{"start":{"line":66,"column":0},"end":{"line":66,"column":11}},"66":{"start":{"line":67,"column":0},"end":{"line":67,"column":17}},"67":{"start":{"line":68,"column":0},"end":{"line":68,"column":9}},"68":{"start":{"line":69,"column":0},"end":{"line":69,"column":7}},"69":{"start":{"line":70,"column":0},"end":{"line":70,"column":45}},"70":{"start":{"line":71,"column":0},"end":{"line":71,"column":6}},"71":{"start":{"line":72,"column":0},"end":{"line":72,"column":4}},"72":{"start":{"line":73,"column":0},"end":{"line":73,"column":16}},"73":{"start":{"line":74,"column":0},"end":{"line":74,"column":1}}},"s":{"0":0,"1":0,"3":0,"4":0,"6":0,"7":0,"8":0,"9":0,"10":0,"11":0,"12":0,"13":0,"15":0,"16":0,"17":0,"18":0,"19":0,"20":0,"22":0,"23":0,"24":0,"25":0,"26":0,"28":0,"29":0,"30":0,"31":0,"32":0,"33":0,"34":0,"35":0,"36":0,"37":0,"38":0,"40":0,"41":0,"42":0,"43":0,"44":0,"45":0,"46":0,"47":0,"48":0,"49":0,"50":0,"51":0,"52":0,"53":0,"54":0,"55":0,"57":0,"58":0,"59":0,"60":0,"61":0,"62":0,"63":0,"64":0,"65":0,"66":0,"67":0,"68":0,"69":0,"70":0,"71":0,"72":0,"73":0},"branchMap":{"0":{"type":"branch","line":1,"loc":{"start":{"line":1,"column":2073},"end":{"line":74,"column":1}},"locations":[{"start":{"line":1,"column":2073},"end":{"line":74,"column":1}}]}},"b":{"0":[0]},"fnMap":{"0":{"name":"(empty-report)","decl":{"start":{"line":1,"column":2073},"end":{"line":74,"column":1}},"loc":{"start":{"line":1,"column":2073},"end":{"line":74,"column":1}},"line":1}},"f":{"0":0}}
,"/Users/bobstewart/.archon/worktrees/aeonsynthesis/exochain/archon/thread-263de2d8/demo/services/audit-api/src/index.js": {"path":"/Users/bobstewart/.archon/worktrees/aeonsynthesis/exochain/archon/thread-263de2d8/demo/services/audit-api/src/index.js","all":false,"statementMap":{"0":{"start":{"line":1,"column":0},"end":{"line":1,"column":63}},"1":{"start":{"line":2,"column":0},"end":{"line":2,"column":29}},"2":{"start":{"line":3,"column":0},"end":{"line":3,"column":39}},"3":{"start":{"line":4,"column":0},"end":{"line":4,"column":47}},"4":{"start":{"line":5,"column":0},"end":{"line":5,"column":48}},"5":{"start":{"line":6,"column":0},"end":{"line":6,"column":20}},"7":{"start":{"line":8,"column":0},"end":{"line":8,"column":73}},"8":{"start":{"line":9,"column":0},"end":{"line":9,"column":38}},"10":{"start":{"line":11,"column":0},"end":{"line":11,"column":34}},"11":{"start":{"line":12,"column":0},"end":{"line":12,"column":148}},"12":{"start":{"line":13,"column":0},"end":{"line":13,"column":41}},"13":{"start":{"line":14,"column":0},"end":{"line":14,"column":1}},"15":{"start":{"line":16,"column":0},"end":{"line":16,"column":25}},"16":{"start":{"line":17,"column":0},"end":{"line":17,"column":43}},"17":{"start":{"line":18,"column":0},"end":{"line":18,"column":18}},"18":{"start":{"line":19,"column":0},"end":{"line":19,"column":35}},"19":{"start":{"line":20,"column":0},"end":{"line":20,"column":100}},"20":{"start":{"line":21,"column":0},"end":{"line":21,"column":5}},"21":{"start":{"line":22,"column":0},"end":{"line":22,"column":1}},"23":{"start":{"line":24,"column":0},"end":{"line":24,"column":61}},"24":{"start":{"line":25,"column":0},"end":{"line":25,"column":33}},"25":{"start":{"line":26,"column":0},"end":{"line":26,"column":148}},"26":{"start":{"line":27,"column":0},"end":{"line":27,"column":21}},"27":{"start":{"line":28,"column":0},"end":{"line":28,"column":3}},"28":{"start":{"line":29,"column":0},"end":{"line":29,"column":61}},"30":{"start":{"line":31,"column":0},"end":{"line":31,"column":7}},"31":{"start":{"line":32,"column":0},"end":{"line":32,"column":98}},"33":{"start":{"line":34,"column":0},"end":{"line":34,"column":31}},"34":{"start":{"line":35,"column":0},"end":{"line":35,"column":66}},"35":{"start":{"line":36,"column":0},"end":{"line":36,"column":56}},"36":{"start":{"line":37,"column":0},"end":{"line":37,"column":112}},"37":{"start":{"line":38,"column":0},"end":{"line":38,"column":34}},"38":{"start":{"line":39,"column":0},"end":{"line":39,"column":5}},"40":{"start":{"line":41,"column":0},"end":{"line":41,"column":31}},"41":{"start":{"line":42,"column":0},"end":{"line":42,"column":67}},"42":{"start":{"line":43,"column":0},"end":{"line":43,"column":80}},"43":{"start":{"line":44,"column":0},"end":{"line":44,"column":109}},"45":{"start":{"line":46,"column":0},"end":{"line":46,"column":27}},"46":{"start":{"line":47,"column":0},"end":{"line":47,"column":169}},"47":{"start":{"line":48,"column":0},"end":{"line":48,"column":97}},"49":{"start":{"line":50,"column":0},"end":{"line":50,"column":23}},"50":{"start":{"line":51,"column":0},"end":{"line":51,"column":175}},"51":{"start":{"line":52,"column":0},"end":{"line":52,"column":121}},"52":{"start":{"line":53,"column":0},"end":{"line":53,"column":8}},"54":{"start":{"line":55,"column":0},"end":{"line":55,"column":100}},"55":{"start":{"line":56,"column":0},"end":{"line":56,"column":5}},"57":{"start":{"line":58,"column":0},"end":{"line":58,"column":35}},"58":{"start":{"line":59,"column":0},"end":{"line":59,"column":65}},"59":{"start":{"line":60,"column":0},"end":{"line":60,"column":93}},"61":{"start":{"line":62,"column":0},"end":{"line":62,"column":35}},"62":{"start":{"line":63,"column":0},"end":{"line":63,"column":23}},"63":{"start":{"line":64,"column":0},"end":{"line":64,"column":23}},"64":{"start":{"line":65,"column":0},"end":{"line":65,"column":45}},"65":{"start":{"line":66,"column":0},"end":{"line":66,"column":59}},"66":{"start":{"line":67,"column":0},"end":{"line":67,"column":24}},"67":{"start":{"line":68,"column":0},"end":{"line":68,"column":109}},"68":{"start":{"line":69,"column":0},"end":{"line":69,"column":16}},"69":{"start":{"line":70,"column":0},"end":{"line":70,"column":9}},"70":{"start":{"line":71,"column":0},"end":{"line":71,"column":7}},"72":{"start":{"line":73,"column":0},"end":{"line":73,"column":29}},"73":{"start":{"line":74,"column":0},"end":{"line":74,"column":22}},"74":{"start":{"line":75,"column":0},"end":{"line":75,"column":37}},"75":{"start":{"line":76,"column":0},"end":{"line":76,"column":77}},"76":{"start":{"line":77,"column":0},"end":{"line":77,"column":14}},"77":{"start":{"line":78,"column":0},"end":{"line":78,"column":9}},"78":{"start":{"line":79,"column":0},"end":{"line":79,"column":5}},"80":{"start":{"line":81,"column":0},"end":{"line":81,"column":43}},"81":{"start":{"line":82,"column":0},"end":{"line":82,"column":15}},"82":{"start":{"line":83,"column":0},"end":{"line":83,"column":31}},"83":{"start":{"line":84,"column":0},"end":{"line":84,"column":41}},"84":{"start":{"line":85,"column":0},"end":{"line":85,"column":3}},"85":{"start":{"line":86,"column":0},"end":{"line":86,"column":3}},"87":{"start":{"line":88,"column":0},"end":{"line":88,"column":26}},"88":{"start":{"line":89,"column":0},"end":{"line":89,"column":76}},"89":{"start":{"line":90,"column":0},"end":{"line":90,"column":1}}},"s":{"0":1,"1":1,"2":1,"3":1,"4":1,"5":1,"7":1,"8":1,"10":9,"11":9,"12":9,"13":9,"15":2,"16":2,"17":2,"18":2,"19":2,"20":2,"21":2,"23":1,"24":10,"25":1,"26":1,"27":1,"28":9,"30":9,"31":10,"33":8,"34":10,"35":2,"36":2,"37":2,"38":2,"40":6,"41":10,"42":2,"43":2,"45":2,"46":2,"47":2,"49":2,"50":2,"51":2,"52":2,"54":2,"55":2,"57":4,"58":10,"59":3,"61":3,"62":3,"63":3,"64":3,"65":1,"66":1,"67":1,"68":1,"69":1,"70":1,"72":3,"73":3,"74":3,"75":3,"76":3,"77":3,"78":3,"80":1,"81":10,"82":0,"83":0,"84":0,"85":1,"87":1,"88":0,"89":0},"branchMap":{"0":{"type":"branch","line":88,"loc":{"start":{"line":88,"column":25},"end":{"line":90,"column":1}},"locations":[{"start":{"line":88,"column":25},"end":{"line":90,"column":1}}]},"1":{"type":"branch","line":11,"loc":{"start":{"line":11,"column":0},"end":{"line":14,"column":1}},"locations":[{"start":{"line":11,"column":0},"end":{"line":14,"column":1}}]},"2":{"type":"branch","line":16,"loc":{"start":{"line":16,"column":0},"end":{"line":22,"column":1}},"locations":[{"start":{"line":16,"column":0},"end":{"line":22,"column":1}}]},"3":{"type":"branch","line":17,"loc":{"start":{"line":17,"column":21},"end":{"line":21,"column":3}},"locations":[{"start":{"line":17,"column":21},"end":{"line":21,"column":3}}]},"4":{"type":"branch","line":19,"loc":{"start":{"line":19,"column":19},"end":{"line":19,"column":33}},"locations":[{"start":{"line":19,"column":19},"end":{"line":19,"column":33}}]},"5":{"type":"branch","line":20,"loc":{"start":{"line":20,"column":18},"end":{"line":20,"column":98}},"locations":[{"start":{"line":20,"column":18},"end":{"line":20,"column":98}}]},"6":{"type":"branch","line":20,"loc":{"start":{"line":20,"column":64},"end":{"line":20,"column":68}},"locations":[{"start":{"line":20,"column":64},"end":{"line":20,"column":68}}]},"7":{"type":"branch","line":20,"loc":{"start":{"line":20,"column":73},"end":{"line":20,"column":96}},"locations":[{"start":{"line":20,"column":73},"end":{"line":20,"column":96}}]},"8":{"type":"branch","line":24,"loc":{"start":{"line":24,"column":40},"end":{"line":86,"column":2}},"locations":[{"start":{"line":24,"column":40},"end":{"line":86,"column":2}}]},"9":{"type":"branch","line":25,"loc":{"start":{"line":25,"column":32},"end":{"line":28,"column":3}},"locations":[{"start":{"line":25,"column":32},"end":{"line":28,"column":3}}]},"10":{"type":"branch","line":28,"loc":{"start":{"line":28,"column":2},"end":{"line":32,"column":36}},"locations":[{"start":{"line":28,"column":2},"end":{"line":32,"column":36}}]},"11":{"type":"branch","line":32,"loc":{"start":{"line":32,"column":36},"end":{"line":32,"column":98}},"locations":[{"start":{"line":32,"column":36},"end":{"line":32,"column":98}}]},"12":{"type":"branch","line":32,"loc":{"start":{"line":32,"column":97},"end":{"line":35,"column":40}},"locations":[{"start":{"line":32,"column":97},"end":{"line":35,"column":40}}]},"13":{"type":"branch","line":35,"loc":{"start":{"line":35,"column":40},"end":{"line":35,"column":63}},"locations":[{"start":{"line":35,"column":40},"end":{"line":35,"column":63}}]},"14":{"type":"branch","line":35,"loc":{"start":{"line":35,"column":65},"end":{"line":39,"column":5}},"locations":[{"start":{"line":35,"column":65},"end":{"line":39,"column":5}}]},"15":{"type":"branch","line":36,"loc":{"start":{"line":36,"column":50},"end":{"line":36,"column":55}},"locations":[{"start":{"line":36,"column":50},"end":{"line":36,"column":55}}]},"16":{"type":"branch","line":39,"loc":{"start":{"line":39,"column":4},"end":{"line":42,"column":40}},"locations":[{"start":{"line":39,"column":4},"end":{"line":42,"column":40}}]},"17":{"type":"branch","line":42,"loc":{"start":{"line":42,"column":40},"end":{"line":42,"column":64}},"locations":[{"start":{"line":42,"column":40},"end":{"line":42,"column":64}}]},"18":{"type":"branch","line":42,"loc":{"start":{"line":42,"column":66},"end":{"line":56,"column":5}},"locations":[{"start":{"line":42,"column":66},"end":{"line":56,"column":5}}]},"19":{"type":"branch","line":44,"loc":{"start":{"line":44,"column":90},"end":{"line":44,"column":107}},"locations":[{"start":{"line":44,"column":90},"end":{"line":44,"column":107}}]},"20":{"type":"branch","line":56,"loc":{"start":{"line":56,"column":4},"end":{"line":59,"column":39}},"locations":[{"start":{"line":56,"column":4},"end":{"line":59,"column":39}}]},"21":{"type":"branch","line":59,"loc":{"start":{"line":59,"column":39},"end":{"line":59,"column":62}},"locations":[{"start":{"line":59,"column":39},"end":{"line":59,"column":62}}]},"22":{"type":"branch","line":59,"loc":{"start":{"line":59,"column":64},"end":{"line":79,"column":5}},"locations":[{"start":{"line":59,"column":64},"end":{"line":79,"column":5}}]},"23":{"type":"branch","line":65,"loc":{"start":{"line":65,"column":44},"end":{"line":71,"column":7}},"locations":[{"start":{"line":65,"column":44},"end":{"line":71,"column":7}}]},"24":{"type":"branch","line":76,"loc":{"start":{"line":76,"column":35},"end":{"line":76,"column":69}},"locations":[{"start":{"line":76,"column":35},"end":{"line":76,"column":69}}]},"25":{"type":"branch","line":76,"loc":{"start":{"line":76,"column":70},"end":{"line":76,"column":76}},"locations":[{"start":{"line":76,"column":70},"end":{"line":76,"column":76}}]},"26":{"type":"branch","line":79,"loc":{"start":{"line":79,"column":4},"end":{"line":82,"column":4}},"locations":[{"start":{"line":79,"column":4},"end":{"line":82,"column":4}}]},"27":{"type":"branch","line":82,"loc":{"start":{"line":82,"column":4},"end":{"line":85,"column":3}},"locations":[{"start":{"line":82,"column":4},"end":{"line":85,"column":3}}]}},"b":{"0":[0],"1":[9],"2":[2],"3":[2],"4":[2],"5":[2],"6":[0],"7":[0],"8":[10],"9":[1],"10":[9],"11":[1],"12":[8],"13":[4],"14":[2],"15":[1],"16":[6],"17":[2],"18":[2],"19":[1],"20":[4],"21":[3],"22":[3],"23":[1],"24":[2],"25":[1],"26":[1],"27":[0]},"fnMap":{"0":{"name":"json","decl":{"start":{"line":11,"column":0},"end":{"line":14,"column":1}},"loc":{"start":{"line":11,"column":0},"end":{"line":14,"column":1}},"line":11},"1":{"name":"parseBody","decl":{"start":{"line":16,"column":0},"end":{"line":22,"column":1}},"loc":{"start":{"line":16,"column":0},"end":{"line":22,"column":1}},"line":16}},"f":{"0":9,"1":2}}
,"/Users/bobstewart/.archon/worktrees/aeonsynthesis/exochain/archon/thread-263de2d8/demo/services/consent-service/src/index.js": {"path":"/Users/bobstewart/.archon/worktrees/aeonsynthesis/exochain/archon/thread-263de2d8/demo/services/consent-service/src/index.js","all":false,"statementMap":{"0":{"start":{"line":1,"column":0},"end":{"line":1,"column":57}},"1":{"start":{"line":2,"column":0},"end":{"line":2,"column":29}},"2":{"start":{"line":3,"column":0},"end":{"line":3,"column":39}},"3":{"start":{"line":4,"column":0},"end":{"line":4,"column":47}},"4":{"start":{"line":5,"column":0},"end":{"line":5,"column":48}},"5":{"start":{"line":6,"column":0},"end":{"line":6,"column":20}},"7":{"start":{"line":8,"column":0},"end":{"line":8,"column":73}},"8":{"start":{"line":9,"column":0},"end":{"line":9,"column":38}},"10":{"start":{"line":11,"column":0},"end":{"line":11,"column":34}},"11":{"start":{"line":12,"column":0},"end":{"line":12,"column":148}},"12":{"start":{"line":13,"column":0},"end":{"line":13,"column":41}},"13":{"start":{"line":14,"column":0},"end":{"line":14,"column":1}},"15":{"start":{"line":16,"column":0},"end":{"line":16,"column":25}},"16":{"start":{"line":17,"column":0},"end":{"line":17,"column":43}},"17":{"start":{"line":18,"column":0},"end":{"line":18,"column":18}},"18":{"start":{"line":19,"column":0},"end":{"line":19,"column":35}},"19":{"start":{"line":20,"column":0},"end":{"line":20,"column":100}},"20":{"start":{"line":21,"column":0},"end":{"line":21,"column":5}},"21":{"start":{"line":22,"column":0},"end":{"line":22,"column":1}},"23":{"start":{"line":24,"column":0},"end":{"line":24,"column":61}},"24":{"start":{"line":25,"column":0},"end":{"line":25,"column":33}},"25":{"start":{"line":26,"column":0},"end":{"line":26,"column":148}},"26":{"start":{"line":27,"column":0},"end":{"line":27,"column":21}},"27":{"start":{"line":28,"column":0},"end":{"line":28,"column":3}},"28":{"start":{"line":29,"column":0},"end":{"line":29,"column":61}},"30":{"start":{"line":31,"column":0},"end":{"line":31,"column":7}},"31":{"start":{"line":32,"column":0},"end":{"line":32,"column":104}},"33":{"start":{"line":34,"column":0},"end":{"line":34,"column":33}},"34":{"start":{"line":35,"column":0},"end":{"line":35,"column":66}},"35":{"start":{"line":36,"column":0},"end":{"line":36,"column":101}},"36":{"start":{"line":37,"column":0},"end":{"line":37,"column":34}},"37":{"start":{"line":38,"column":0},"end":{"line":38,"column":5}},"39":{"start":{"line":40,"column":0},"end":{"line":40,"column":29}},"40":{"start":{"line":41,"column":0},"end":{"line":41,"column":76}},"41":{"start":{"line":42,"column":0},"end":{"line":42,"column":84}},"42":{"start":{"line":43,"column":0},"end":{"line":43,"column":50}},"43":{"start":{"line":44,"column":0},"end":{"line":44,"column":31}},"44":{"start":{"line":45,"column":0},"end":{"line":45,"column":49}},"45":{"start":{"line":46,"column":0},"end":{"line":46,"column":53}},"46":{"start":{"line":47,"column":0},"end":{"line":47,"column":8}},"47":{"start":{"line":48,"column":0},"end":{"line":48,"column":38}},"48":{"start":{"line":49,"column":0},"end":{"line":49,"column":5}},"50":{"start":{"line":51,"column":0},"end":{"line":51,"column":34}},"51":{"start":{"line":52,"column":0},"end":{"line":52,"column":75}},"52":{"start":{"line":53,"column":0},"end":{"line":53,"column":48}},"53":{"start":{"line":54,"column":0},"end":{"line":54,"column":76}},"54":{"start":{"line":55,"column":0},"end":{"line":55,"column":40}},"55":{"start":{"line":56,"column":0},"end":{"line":56,"column":5}},"57":{"start":{"line":58,"column":0},"end":{"line":58,"column":43}},"58":{"start":{"line":59,"column":0},"end":{"line":59,"column":15}},"59":{"start":{"line":60,"column":0},"end":{"line":60,"column":31}},"60":{"start":{"line":61,"column":0},"end":{"line":61,"column":41}},"61":{"start":{"line":62,"column":0},"end":{"line":62,"column":3}},"62":{"start":{"line":63,"column":0},"end":{"line":63,"column":3}},"64":{"start":{"line":65,"column":0},"end":{"line":65,"column":26}},"65":{"start":{"line":66,"column":0},"end":{"line":66,"column":82}},"66":{"start":{"line":67,"column":0},"end":{"line":67,"column":1}}},"s":{"0":1,"1":1,"2":1,"3":1,"4":1,"5":1,"7":1,"8":1,"10":8,"11":8,"12":8,"13":8,"15":4,"16":4,"17":4,"18":4,"19":4,"20":4,"21":4,"23":1,"24":9,"25":1,"26":1,"27":1,"28":8,"30":8,"31":9,"33":7,"34":9,"35":2,"36":2,"37":2,"39":5,"40":9,"41":2,"42":2,"43":2,"44":2,"45":2,"46":2,"47":2,"48":2,"50":3,"51":9,"52":2,"53":2,"54":2,"55":2,"57":1,"58":9,"59":0,"60":0,"61":0,"62":1,"64":1,"65":0,"66":0},"branchMap":{"0":{"type":"branch","line":65,"loc":{"start":{"line":65,"column":25},"end":{"line":67,"column":1}},"locations":[{"start":{"line":65,"column":25},"end":{"line":67,"column":1}}]},"1":{"type":"branch","line":11,"loc":{"start":{"line":11,"column":0},"end":{"line":14,"column":1}},"locations":[{"start":{"line":11,"column":0},"end":{"line":14,"column":1}}]},"2":{"type":"branch","line":16,"loc":{"start":{"line":16,"column":0},"end":{"line":22,"column":1}},"locations":[{"start":{"line":16,"column":0},"end":{"line":22,"column":1}}]},"3":{"type":"branch","line":17,"loc":{"start":{"line":17,"column":21},"end":{"line":21,"column":3}},"locations":[{"start":{"line":17,"column":21},"end":{"line":21,"column":3}}]},"4":{"type":"branch","line":19,"loc":{"start":{"line":19,"column":19},"end":{"line":19,"column":33}},"locations":[{"start":{"line":19,"column":19},"end":{"line":19,"column":33}}]},"5":{"type":"branch","line":20,"loc":{"start":{"line":20,"column":18},"end":{"line":20,"column":98}},"locations":[{"start":{"line":20,"column":18},"end":{"line":20,"column":98}}]},"6":{"type":"branch","line":20,"loc":{"start":{"line":20,"column":64},"end":{"line":20,"column":68}},"locations":[{"start":{"line":20,"column":64},"end":{"line":20,"column":68}}]},"7":{"type":"branch","line":20,"loc":{"start":{"line":20,"column":73},"end":{"line":20,"column":96}},"locations":[{"start":{"line":20,"column":73},"end":{"line":20,"column":96}}]},"8":{"type":"branch","line":24,"loc":{"start":{"line":24,"column":40},"end":{"line":63,"column":2}},"locations":[{"start":{"line":24,"column":40},"end":{"line":63,"column":2}}]},"9":{"type":"branch","line":25,"loc":{"start":{"line":25,"column":32},"end":{"line":28,"column":3}},"locations":[{"start":{"line":25,"column":32},"end":{"line":28,"column":3}}]},"10":{"type":"branch","line":28,"loc":{"start":{"line":28,"column":2},"end":{"line":32,"column":36}},"locations":[{"start":{"line":28,"column":2},"end":{"line":32,"column":36}}]},"11":{"type":"branch","line":32,"loc":{"start":{"line":32,"column":36},"end":{"line":32,"column":104}},"locations":[{"start":{"line":32,"column":36},"end":{"line":32,"column":104}}]},"12":{"type":"branch","line":32,"loc":{"start":{"line":32,"column":103},"end":{"line":35,"column":40}},"locations":[{"start":{"line":32,"column":103},"end":{"line":35,"column":40}}]},"13":{"type":"branch","line":35,"loc":{"start":{"line":35,"column":40},"end":{"line":35,"column":63}},"locations":[{"start":{"line":35,"column":40},"end":{"line":35,"column":63}}]},"14":{"type":"branch","line":35,"loc":{"start":{"line":35,"column":65},"end":{"line":38,"column":5}},"locations":[{"start":{"line":35,"column":65},"end":{"line":38,"column":5}}]},"15":{"type":"branch","line":38,"loc":{"start":{"line":38,"column":4},"end":{"line":41,"column":49}},"locations":[{"start":{"line":38,"column":4},"end":{"line":41,"column":49}}]},"16":{"type":"branch","line":41,"loc":{"start":{"line":41,"column":49},"end":{"line":41,"column":73}},"locations":[{"start":{"line":41,"column":49},"end":{"line":41,"column":73}}]},"17":{"type":"branch","line":41,"loc":{"start":{"line":41,"column":75},"end":{"line":49,"column":5}},"locations":[{"start":{"line":41,"column":75},"end":{"line":49,"column":5}}]},"18":{"type":"branch","line":45,"loc":{"start":{"line":45,"column":41},"end":{"line":45,"column":46}},"locations":[{"start":{"line":45,"column":41},"end":{"line":45,"column":46}}]},"19":{"type":"branch","line":46,"loc":{"start":{"line":46,"column":37},"end":{"line":46,"column":52}},"locations":[{"start":{"line":46,"column":37},"end":{"line":46,"column":52}}]},"20":{"type":"branch","line":49,"loc":{"start":{"line":49,"column":4},"end":{"line":52,"column":48}},"locations":[{"start":{"line":49,"column":4},"end":{"line":52,"column":48}}]},"21":{"type":"branch","line":52,"loc":{"start":{"line":52,"column":48},"end":{"line":52,"column":72}},"locations":[{"start":{"line":52,"column":48},"end":{"line":52,"column":72}}]},"22":{"type":"branch","line":52,"loc":{"start":{"line":52,"column":74},"end":{"line":56,"column":5}},"locations":[{"start":{"line":52,"column":74},"end":{"line":56,"column":5}}]},"23":{"type":"branch","line":56,"loc":{"start":{"line":56,"column":4},"end":{"line":59,"column":4}},"locations":[{"start":{"line":56,"column":4},"end":{"line":59,"column":4}}]},"24":{"type":"branch","line":59,"loc":{"start":{"line":59,"column":4},"end":{"line":62,"column":3}},"locations":[{"start":{"line":59,"column":4},"end":{"line":62,"column":3}}]}},"b":{"0":[0],"1":[8],"2":[4],"3":[4],"4":[4],"5":[4],"6":[0],"7":[0],"8":[9],"9":[1],"10":[8],"11":[1],"12":[7],"13":[2],"14":[2],"15":[5],"16":[2],"17":[2],"18":[1],"19":[1],"20":[3],"21":[2],"22":[2],"23":[1],"24":[0]},"fnMap":{"0":{"name":"json","decl":{"start":{"line":11,"column":0},"end":{"line":14,"column":1}},"loc":{"start":{"line":11,"column":0},"end":{"line":14,"column":1}},"line":11},"1":{"name":"parseBody","decl":{"start":{"line":16,"column":0},"end":{"line":22,"column":1}},"loc":{"start":{"line":16,"column":0},"end":{"line":22,"column":1}},"line":16}},"f":{"0":8,"1":4}}
,"/Users/bobstewart/.archon/worktrees/aeonsynthesis/exochain/archon/thread-263de2d8/demo/services/decision-forge/src/index.js": {"path":"/Users/bobstewart/.archon/worktrees/aeonsynthesis/exochain/archon/thread-263de2d8/demo/services/decision-forge/src/index.js","all":false,"statementMap":{"0":{"start":{"line":1,"column":0},"end":{"line":1,"column":76}},"1":{"start":{"line":2,"column":0},"end":{"line":2,"column":29}},"2":{"start":{"line":3,"column":0},"end":{"line":3,"column":39}},"3":{"start":{"line":4,"column":0},"end":{"line":4,"column":47}},"4":{"start":{"line":5,"column":0},"end":{"line":5,"column":48}},"5":{"start":{"line":6,"column":0},"end":{"line":6,"column":20}},"7":{"start":{"line":8,"column":0},"end":{"line":8,"column":73}},"8":{"start":{"line":9,"column":0},"end":{"line":9,"column":38}},"10":{"start":{"line":11,"column":0},"end":{"line":11,"column":34}},"11":{"start":{"line":12,"column":0},"end":{"line":12,"column":148}},"12":{"start":{"line":13,"column":0},"end":{"line":13,"column":41}},"13":{"start":{"line":14,"column":0},"end":{"line":14,"column":1}},"15":{"start":{"line":16,"column":0},"end":{"line":16,"column":25}},"16":{"start":{"line":17,"column":0},"end":{"line":17,"column":43}},"17":{"start":{"line":18,"column":0},"end":{"line":18,"column":18}},"18":{"start":{"line":19,"column":0},"end":{"line":19,"column":35}},"19":{"start":{"line":20,"column":0},"end":{"line":20,"column":100}},"20":{"start":{"line":21,"column":0},"end":{"line":21,"column":5}},"21":{"start":{"line":22,"column":0},"end":{"line":22,"column":1}},"23":{"start":{"line":24,"column":0},"end":{"line":24,"column":61}},"24":{"start":{"line":25,"column":0},"end":{"line":25,"column":33}},"25":{"start":{"line":26,"column":0},"end":{"line":26,"column":148}},"26":{"start":{"line":27,"column":0},"end":{"line":27,"column":21}},"27":{"start":{"line":28,"column":0},"end":{"line":28,"column":3}},"28":{"start":{"line":29,"column":0},"end":{"line":29,"column":61}},"30":{"start":{"line":31,"column":0},"end":{"line":31,"column":7}},"31":{"start":{"line":32,"column":0},"end":{"line":32,"column":103}},"33":{"start":{"line":34,"column":0},"end":{"line":34,"column":28}},"34":{"start":{"line":35,"column":0},"end":{"line":35,"column":75}},"35":{"start":{"line":36,"column":0},"end":{"line":36,"column":80}},"36":{"start":{"line":37,"column":0},"end":{"line":37,"column":55}},"37":{"start":{"line":38,"column":0},"end":{"line":38,"column":111}},"38":{"start":{"line":39,"column":0},"end":{"line":39,"column":38}},"39":{"start":{"line":40,"column":0},"end":{"line":40,"column":5}},"41":{"start":{"line":42,"column":0},"end":{"line":42,"column":21}},"42":{"start":{"line":43,"column":0},"end":{"line":43,"column":73}},"43":{"start":{"line":44,"column":0},"end":{"line":44,"column":59}},"44":{"start":{"line":45,"column":0},"end":{"line":45,"column":94}},"45":{"start":{"line":46,"column":0},"end":{"line":46,"column":37}},"46":{"start":{"line":47,"column":0},"end":{"line":47,"column":5}},"48":{"start":{"line":49,"column":0},"end":{"line":49,"column":25}},"49":{"start":{"line":50,"column":0},"end":{"line":50,"column":77}},"50":{"start":{"line":51,"column":0},"end":{"line":51,"column":63}},"51":{"start":{"line":52,"column":0},"end":{"line":52,"column":102}},"52":{"start":{"line":53,"column":0},"end":{"line":53,"column":37}},"53":{"start":{"line":54,"column":0},"end":{"line":54,"column":5}},"55":{"start":{"line":56,"column":0},"end":{"line":56,"column":29}},"56":{"start":{"line":57,"column":0},"end":{"line":57,"column":79}},"57":{"start":{"line":58,"column":0},"end":{"line":58,"column":74}},"58":{"start":{"line":59,"column":0},"end":{"line":59,"column":120}},"59":{"start":{"line":60,"column":0},"end":{"line":60,"column":37}},"60":{"start":{"line":61,"column":0},"end":{"line":61,"column":5}},"62":{"start":{"line":63,"column":0},"end":{"line":63,"column":25}},"63":{"start":{"line":64,"column":0},"end":{"line":64,"column":73}},"64":{"start":{"line":65,"column":0},"end":{"line":65,"column":53}},"65":{"start":{"line":66,"column":0},"end":{"line":66,"column":82}},"66":{"start":{"line":67,"column":0},"end":{"line":67,"column":38}},"67":{"start":{"line":68,"column":0},"end":{"line":68,"column":5}},"69":{"start":{"line":70,"column":0},"end":{"line":70,"column":27}},"70":{"start":{"line":71,"column":0},"end":{"line":71,"column":77}},"71":{"start":{"line":72,"column":0},"end":{"line":72,"column":53}},"72":{"start":{"line":73,"column":0},"end":{"line":73,"column":85}},"73":{"start":{"line":74,"column":0},"end":{"line":74,"column":55}},"74":{"start":{"line":75,"column":0},"end":{"line":75,"column":5}},"76":{"start":{"line":77,"column":0},"end":{"line":77,"column":50}},"77":{"start":{"line":78,"column":0},"end":{"line":78,"column":78}},"78":{"start":{"line":79,"column":0},"end":{"line":79,"column":90}},"79":{"start":{"line":80,"column":0},"end":{"line":80,"column":117}},"80":{"start":{"line":81,"column":0},"end":{"line":81,"column":39}},"81":{"start":{"line":82,"column":0},"end":{"line":82,"column":5}},"83":{"start":{"line":84,"column":0},"end":{"line":84,"column":45}},"84":{"start":{"line":85,"column":0},"end":{"line":85,"column":83}},"85":{"start":{"line":86,"column":0},"end":{"line":86,"column":100}},"86":{"start":{"line":87,"column":0},"end":{"line":87,"column":132}},"87":{"start":{"line":88,"column":0},"end":{"line":88,"column":36}},"88":{"start":{"line":89,"column":0},"end":{"line":89,"column":5}},"90":{"start":{"line":91,"column":0},"end":{"line":91,"column":28}},"91":{"start":{"line":92,"column":0},"end":{"line":92,"column":74}},"92":{"start":{"line":93,"column":0},"end":{"line":93,"column":49}},"93":{"start":{"line":94,"column":0},"end":{"line":94,"column":40}},"94":{"start":{"line":95,"column":0},"end":{"line":95,"column":5}},"96":{"start":{"line":97,"column":0},"end":{"line":97,"column":43}},"97":{"start":{"line":98,"column":0},"end":{"line":98,"column":15}},"98":{"start":{"line":99,"column":0},"end":{"line":99,"column":31}},"99":{"start":{"line":100,"column":0},"end":{"line":100,"column":41}},"100":{"start":{"line":101,"column":0},"end":{"line":101,"column":3}},"101":{"start":{"line":102,"column":0},"end":{"line":102,"column":3}},"103":{"start":{"line":104,"column":0},"end":{"line":104,"column":26}},"104":{"start":{"line":105,"column":0},"end":{"line":105,"column":81}},"105":{"start":{"line":106,"column":0},"end":{"line":106,"column":1}}},"s":{"0":1,"1":1,"2":1,"3":1,"4":1,"5":1,"7":1,"8":1,"10":12,"11":12,"12":12,"13":12,"15":9,"16":9,"17":9,"18":9,"19":9,"20":9,"21":9,"23":1,"24":13,"25":1,"26":1,"27":1,"28":12,"30":12,"31":13,"33":11,"34":13,"35":2,"36":2,"37":2,"38":2,"39":2,"41":9,"42":13,"43":1,"44":1,"45":1,"46":1,"48":8,"49":13,"50":1,"51":1,"52":1,"53":1,"55":7,"56":13,"57":1,"58":1,"59":1,"60":1,"62":6,"63":13,"64":1,"65":1,"66":1,"67":1,"69":5,"70":13,"71":1,"72":1,"73":1,"74":1,"76":4,"77":13,"78":1,"79":1,"80":1,"81":1,"83":3,"84":13,"85":1,"86":1,"87":1,"88":1,"90":2,"91":13,"92":1,"93":1,"94":1,"96":1,"97":13,"98":0,"99":0,"100":0,"101":1,"103":1,"104":0,"105":0},"branchMap":{"0":{"type":"branch","line":104,"loc":{"start":{"line":104,"column":25},"end":{"line":106,"column":1}},"locations":[{"start":{"line":104,"column":25},"end":{"line":106,"column":1}}]},"1":{"type":"branch","line":11,"loc":{"start":{"line":11,"column":0},"end":{"line":14,"column":1}},"locations":[{"start":{"line":11,"column":0},"end":{"line":14,"column":1}}]},"2":{"type":"branch","line":16,"loc":{"start":{"line":16,"column":0},"end":{"line":22,"column":1}},"locations":[{"start":{"line":16,"column":0},"end":{"line":22,"column":1}}]},"3":{"type":"branch","line":17,"loc":{"start":{"line":17,"column":21},"end":{"line":21,"column":3}},"locations":[{"start":{"line":17,"column":21},"end":{"line":21,"column":3}}]},"4":{"type":"branch","line":19,"loc":{"start":{"line":19,"column":19},"end":{"line":19,"column":33}},"locations":[{"start":{"line":19,"column":19},"end":{"line":19,"column":33}}]},"5":{"type":"branch","line":20,"loc":{"start":{"line":20,"column":18},"end":{"line":20,"column":98}},"locations":[{"start":{"line":20,"column":18},"end":{"line":20,"column":98}}]},"6":{"type":"branch","line":20,"loc":{"start":{"line":20,"column":64},"end":{"line":20,"column":68}},"locations":[{"start":{"line":20,"column":64},"end":{"line":20,"column":68}}]},"7":{"type":"branch","line":20,"loc":{"start":{"line":20,"column":73},"end":{"line":20,"column":96}},"locations":[{"start":{"line":20,"column":73},"end":{"line":20,"column":96}}]},"8":{"type":"branch","line":24,"loc":{"start":{"line":24,"column":40},"end":{"line":102,"column":2}},"locations":[{"start":{"line":24,"column":40},"end":{"line":102,"column":2}}]},"9":{"type":"branch","line":25,"loc":{"start":{"line":25,"column":32},"end":{"line":28,"column":3}},"locations":[{"start":{"line":25,"column":32},"end":{"line":28,"column":3}}]},"10":{"type":"branch","line":28,"loc":{"start":{"line":28,"column":2},"end":{"line":32,"column":36}},"locations":[{"start":{"line":28,"column":2},"end":{"line":32,"column":36}}]},"11":{"type":"branch","line":32,"loc":{"start":{"line":32,"column":36},"end":{"line":32,"column":103}},"locations":[{"start":{"line":32,"column":36},"end":{"line":32,"column":103}}]},"12":{"type":"branch","line":32,"loc":{"start":{"line":32,"column":102},"end":{"line":35,"column":48}},"locations":[{"start":{"line":32,"column":102},"end":{"line":35,"column":48}}]},"13":{"type":"branch","line":35,"loc":{"start":{"line":35,"column":48},"end":{"line":35,"column":72}},"locations":[{"start":{"line":35,"column":48},"end":{"line":35,"column":72}}]},"14":{"type":"branch","line":35,"loc":{"start":{"line":35,"column":74},"end":{"line":40,"column":5}},"locations":[{"start":{"line":35,"column":74},"end":{"line":40,"column":5}}]},"15":{"type":"branch","line":37,"loc":{"start":{"line":37,"column":37},"end":{"line":37,"column":54}},"locations":[{"start":{"line":37,"column":37},"end":{"line":37,"column":54}}]},"16":{"type":"branch","line":38,"loc":{"start":{"line":38,"column":86},"end":{"line":38,"column":102}},"locations":[{"start":{"line":38,"column":86},"end":{"line":38,"column":102}}]},"17":{"type":"branch","line":40,"loc":{"start":{"line":40,"column":4},"end":{"line":43,"column":46}},"locations":[{"start":{"line":40,"column":4},"end":{"line":43,"column":46}}]},"18":{"type":"branch","line":43,"loc":{"start":{"line":43,"column":46},"end":{"line":43,"column":70}},"locations":[{"start":{"line":43,"column":46},"end":{"line":43,"column":70}}]},"19":{"type":"branch","line":43,"loc":{"start":{"line":43,"column":72},"end":{"line":47,"column":5}},"locations":[{"start":{"line":43,"column":72},"end":{"line":47,"column":5}}]},"20":{"type":"branch","line":47,"loc":{"start":{"line":47,"column":4},"end":{"line":50,"column":50}},"locations":[{"start":{"line":47,"column":4},"end":{"line":50,"column":50}}]},"21":{"type":"branch","line":50,"loc":{"start":{"line":50,"column":50},"end":{"line":50,"column":74}},"locations":[{"start":{"line":50,"column":50},"end":{"line":50,"column":74}}]},"22":{"type":"branch","line":50,"loc":{"start":{"line":50,"column":76},"end":{"line":54,"column":5}},"locations":[{"start":{"line":50,"column":76},"end":{"line":54,"column":5}}]},"23":{"type":"branch","line":54,"loc":{"start":{"line":54,"column":4},"end":{"line":57,"column":52}},"locations":[{"start":{"line":54,"column":4},"end":{"line":57,"column":52}}]},"24":{"type":"branch","line":57,"loc":{"start":{"line":57,"column":52},"end":{"line":57,"column":76}},"locations":[{"start":{"line":57,"column":52},"end":{"line":57,"column":76}}]},"25":{"type":"branch","line":57,"loc":{"start":{"line":57,"column":78},"end":{"line":61,"column":5}},"locations":[{"start":{"line":57,"column":78},"end":{"line":61,"column":5}}]},"26":{"type":"branch","line":61,"loc":{"start":{"line":61,"column":4},"end":{"line":64,"column":46}},"locations":[{"start":{"line":61,"column":4},"end":{"line":64,"column":46}}]},"27":{"type":"branch","line":64,"loc":{"start":{"line":64,"column":46},"end":{"line":64,"column":70}},"locations":[{"start":{"line":64,"column":46},"end":{"line":64,"column":70}}]},"28":{"type":"branch","line":64,"loc":{"start":{"line":64,"column":72},"end":{"line":68,"column":5}},"locations":[{"start":{"line":64,"column":72},"end":{"line":68,"column":5}}]},"29":{"type":"branch","line":68,"loc":{"start":{"line":68,"column":4},"end":{"line":71,"column":50}},"locations":[{"start":{"line":68,"column":4},"end":{"line":71,"column":50}}]},"30":{"type":"branch","line":71,"loc":{"start":{"line":71,"column":50},"end":{"line":71,"column":74}},"locations":[{"start":{"line":71,"column":50},"end":{"line":71,"column":74}}]},"31":{"type":"branch","line":71,"loc":{"start":{"line":71,"column":76},"end":{"line":75,"column":5}},"locations":[{"start":{"line":71,"column":76},"end":{"line":75,"column":5}}]},"32":{"type":"branch","line":75,"loc":{"start":{"line":75,"column":4},"end":{"line":78,"column":51}},"locations":[{"start":{"line":75,"column":4},"end":{"line":78,"column":51}}]},"33":{"type":"branch","line":78,"loc":{"start":{"line":78,"column":51},"end":{"line":78,"column":75}},"locations":[{"start":{"line":78,"column":51},"end":{"line":78,"column":75}}]},"34":{"type":"branch","line":78,"loc":{"start":{"line":78,"column":77},"end":{"line":82,"column":5}},"locations":[{"start":{"line":78,"column":77},"end":{"line":82,"column":5}}]},"35":{"type":"branch","line":82,"loc":{"start":{"line":82,"column":4},"end":{"line":85,"column":56}},"locations":[{"start":{"line":82,"column":4},"end":{"line":85,"column":56}}]},"36":{"type":"branch","line":85,"loc":{"start":{"line":85,"column":56},"end":{"line":85,"column":80}},"locations":[{"start":{"line":85,"column":56},"end":{"line":85,"column":80}}]},"37":{"type":"branch","line":85,"loc":{"start":{"line":85,"column":82},"end":{"line":89,"column":5}},"locations":[{"start":{"line":85,"column":82},"end":{"line":89,"column":5}}]},"38":{"type":"branch","line":89,"loc":{"start":{"line":89,"column":4},"end":{"line":92,"column":48}},"locations":[{"start":{"line":89,"column":4},"end":{"line":92,"column":48}}]},"39":{"type":"branch","line":92,"loc":{"start":{"line":92,"column":48},"end":{"line":92,"column":71}},"locations":[{"start":{"line":92,"column":48},"end":{"line":92,"column":71}}]},"40":{"type":"branch","line":92,"loc":{"start":{"line":92,"column":73},"end":{"line":98,"column":4}},"locations":[{"start":{"line":92,"column":73},"end":{"line":98,"column":4}}]},"41":{"type":"branch","line":98,"loc":{"start":{"line":98,"column":4},"end":{"line":101,"column":3}},"locations":[{"start":{"line":98,"column":4},"end":{"line":101,"column":3}}]}},"b":{"0":[0],"1":[12],"2":[9],"3":[9],"4":[9],"5":[9],"6":[0],"7":[0],"8":[13],"9":[1],"10":[12],"11":[1],"12":[11],"13":[2],"14":[2],"15":[1],"16":[1],"17":[9],"18":[1],"19":[1],"20":[8],"21":[1],"22":[1],"23":[7],"24":[1],"25":[1],"26":[6],"27":[1],"28":[1],"29":[5],"30":[1],"31":[1],"32":[4],"33":[1],"34":[1],"35":[3],"36":[1],"37":[1],"38":[2],"39":[1],"40":[1],"41":[0]},"fnMap":{"0":{"name":"json","decl":{"start":{"line":11,"column":0},"end":{"line":14,"column":1}},"loc":{"start":{"line":11,"column":0},"end":{"line":14,"column":1}},"line":11},"1":{"name":"parseBody","decl":{"start":{"line":16,"column":0},"end":{"line":22,"column":1}},"loc":{"start":{"line":16,"column":0},"end":{"line":22,"column":1}},"line":16}},"f":{"0":12,"1":9}}
,"/Users/bobstewart/.archon/worktrees/aeonsynthesis/exochain/archon/thread-263de2d8/demo/services/gateway-api/src/index.js": {"path":"/Users/bobstewart/.archon/worktrees/aeonsynthesis/exochain/archon/thread-263de2d8/demo/services/gateway-api/src/index.js","all":false,"statementMap":{"0":{"start":{"line":1,"column":0},"end":{"line":1,"column":46}},"1":{"start":{"line":2,"column":0},"end":{"line":2,"column":108}},"2":{"start":{"line":3,"column":0},"end":{"line":3,"column":29}},"3":{"start":{"line":4,"column":0},"end":{"line":4,"column":39}},"4":{"start":{"line":5,"column":0},"end":{"line":5,"column":47}},"5":{"start":{"line":6,"column":0},"end":{"line":6,"column":48}},"6":{"start":{"line":7,"column":0},"end":{"line":7,"column":20}},"8":{"start":{"line":9,"column":0},"end":{"line":9,"column":73}},"9":{"start":{"line":10,"column":0},"end":{"line":10,"column":38}},"11":{"start":{"line":12,"column":0},"end":{"line":12,"column":34}},"12":{"start":{"line":13,"column":0},"end":{"line":13,"column":148}},"13":{"start":{"line":14,"column":0},"end":{"line":14,"column":41}},"14":{"start":{"line":15,"column":0},"end":{"line":15,"column":1}},"16":{"start":{"line":17,"column":0},"end":{"line":17,"column":25}},"17":{"start":{"line":18,"column":0},"end":{"line":18,"column":43}},"18":{"start":{"line":19,"column":0},"end":{"line":19,"column":18}},"19":{"start":{"line":20,"column":0},"end":{"line":20,"column":35}},"20":{"start":{"line":21,"column":0},"end":{"line":21,"column":100}},"21":{"start":{"line":22,"column":0},"end":{"line":22,"column":5}},"22":{"start":{"line":23,"column":0},"end":{"line":23,"column":1}},"24":{"start":{"line":25,"column":0},"end":{"line":25,"column":61}},"25":{"start":{"line":26,"column":0},"end":{"line":26,"column":33}},"26":{"start":{"line":27,"column":0},"end":{"line":27,"column":148}},"27":{"start":{"line":28,"column":0},"end":{"line":28,"column":21}},"28":{"start":{"line":29,"column":0},"end":{"line":29,"column":3}},"30":{"start":{"line":31,"column":0},"end":{"line":31,"column":61}},"32":{"start":{"line":33,"column":0},"end":{"line":33,"column":7}},"33":{"start":{"line":34,"column":0},"end":{"line":34,"column":19}},"34":{"start":{"line":35,"column":0},"end":{"line":35,"column":37}},"35":{"start":{"line":36,"column":0},"end":{"line":36,"column":46}},"36":{"start":{"line":37,"column":0},"end":{"line":37,"column":99}},"37":{"start":{"line":38,"column":0},"end":{"line":38,"column":5}},"39":{"start":{"line":40,"column":0},"end":{"line":40,"column":24}},"40":{"start":{"line":41,"column":0},"end":{"line":41,"column":65}},"41":{"start":{"line":42,"column":0},"end":{"line":42,"column":60}},"42":{"start":{"line":43,"column":0},"end":{"line":43,"column":45}},"43":{"start":{"line":44,"column":0},"end":{"line":44,"column":49}},"44":{"start":{"line":45,"column":0},"end":{"line":45,"column":70}},"45":{"start":{"line":46,"column":0},"end":{"line":46,"column":29}},"46":{"start":{"line":47,"column":0},"end":{"line":47,"column":57}},"47":{"start":{"line":48,"column":0},"end":{"line":48,"column":28}},"48":{"start":{"line":49,"column":0},"end":{"line":49,"column":32}},"49":{"start":{"line":50,"column":0},"end":{"line":50,"column":44}},"50":{"start":{"line":51,"column":0},"end":{"line":51,"column":9}},"51":{"start":{"line":52,"column":0},"end":{"line":52,"column":5}},"53":{"start":{"line":54,"column":0},"end":{"line":54,"column":18}},"54":{"start":{"line":55,"column":0},"end":{"line":55,"column":64}},"55":{"start":{"line":56,"column":0},"end":{"line":56,"column":136}},"56":{"start":{"line":57,"column":0},"end":{"line":57,"column":34}},"57":{"start":{"line":58,"column":0},"end":{"line":58,"column":5}},"59":{"start":{"line":60,"column":0},"end":{"line":60,"column":28}},"60":{"start":{"line":61,"column":0},"end":{"line":61,"column":74}},"61":{"start":{"line":62,"column":0},"end":{"line":62,"column":175}},"62":{"start":{"line":63,"column":0},"end":{"line":63,"column":34}},"63":{"start":{"line":64,"column":0},"end":{"line":64,"column":5}},"65":{"start":{"line":66,"column":0},"end":{"line":66,"column":28}},"66":{"start":{"line":67,"column":0},"end":{"line":67,"column":68}},"67":{"start":{"line":68,"column":0},"end":{"line":68,"column":155}},"68":{"start":{"line":69,"column":0},"end":{"line":69,"column":34}},"69":{"start":{"line":70,"column":0},"end":{"line":70,"column":5}},"71":{"start":{"line":72,"column":0},"end":{"line":72,"column":51}},"72":{"start":{"line":73,"column":0},"end":{"line":73,"column":69}},"73":{"start":{"line":74,"column":0},"end":{"line":74,"column":40}},"74":{"start":{"line":75,"column":0},"end":{"line":75,"column":57}},"76":{"start":{"line":77,"column":0},"end":{"line":77,"column":32}},"77":{"start":{"line":78,"column":0},"end":{"line":78,"column":124}},"78":{"start":{"line":79,"column":0},"end":{"line":79,"column":72}},"79":{"start":{"line":80,"column":0},"end":{"line":80,"column":106}},"81":{"start":{"line":82,"column":0},"end":{"line":82,"column":33}},"82":{"start":{"line":83,"column":0},"end":{"line":83,"column":56}},"83":{"start":{"line":84,"column":0},"end":{"line":84,"column":104}},"84":{"start":{"line":85,"column":0},"end":{"line":85,"column":31}},"85":{"start":{"line":86,"column":0},"end":{"line":86,"column":8}},"86":{"start":{"line":87,"column":0},"end":{"line":87,"column":95}},"88":{"start":{"line":89,"column":0},"end":{"line":89,"column":42}},"89":{"start":{"line":90,"column":0},"end":{"line":90,"column":123}},"91":{"start":{"line":92,"column":0},"end":{"line":92,"column":25}},"92":{"start":{"line":93,"column":0},"end":{"line":93,"column":23}},"93":{"start":{"line":94,"column":0},"end":{"line":94,"column":182}},"94":{"start":{"line":95,"column":0},"end":{"line":95,"column":165}},"95":{"start":{"line":96,"column":0},"end":{"line":96,"column":8}},"97":{"start":{"line":98,"column":0},"end":{"line":98,"column":23}},"98":{"start":{"line":99,"column":0},"end":{"line":99,"column":103}},"99":{"start":{"line":100,"column":0},"end":{"line":100,"column":84}},"101":{"start":{"line":102,"column":0},"end":{"line":102,"column":86}},"102":{"start":{"line":103,"column":0},"end":{"line":103,"column":5}},"104":{"start":{"line":105,"column":0},"end":{"line":105,"column":28}},"105":{"start":{"line":106,"column":0},"end":{"line":106,"column":74}},"106":{"start":{"line":107,"column":0},"end":{"line":107,"column":40}},"107":{"start":{"line":108,"column":0},"end":{"line":108,"column":65}},"109":{"start":{"line":110,"column":0},"end":{"line":110,"column":22}},"110":{"start":{"line":111,"column":0},"end":{"line":111,"column":114}},"111":{"start":{"line":112,"column":0},"end":{"line":112,"column":71}},"113":{"start":{"line":114,"column":0},"end":{"line":114,"column":24}},"114":{"start":{"line":115,"column":0},"end":{"line":115,"column":84}},"115":{"start":{"line":116,"column":0},"end":{"line":116,"column":102}},"116":{"start":{"line":117,"column":0},"end":{"line":117,"column":121}},"118":{"start":{"line":119,"column":0},"end":{"line":119,"column":24}},"119":{"start":{"line":120,"column":0},"end":{"line":120,"column":128}},"120":{"start":{"line":121,"column":0},"end":{"line":121,"column":91}},"121":{"start":{"line":122,"column":0},"end":{"line":122,"column":120}},"123":{"start":{"line":124,"column":0},"end":{"line":124,"column":26}},"124":{"start":{"line":125,"column":0},"end":{"line":125,"column":46}},"125":{"start":{"line":126,"column":0},"end":{"line":126,"column":111}},"127":{"start":{"line":128,"column":0},"end":{"line":128,"column":92}},"129":{"start":{"line":130,"column":0},"end":{"line":130,"column":16}},"130":{"start":{"line":131,"column":0},"end":{"line":131,"column":119}},"132":{"start":{"line":133,"column":0},"end":{"line":133,"column":72}},"133":{"start":{"line":134,"column":0},"end":{"line":134,"column":5}},"135":{"start":{"line":136,"column":0},"end":{"line":136,"column":40}},"136":{"start":{"line":137,"column":0},"end":{"line":137,"column":80}},"137":{"start":{"line":138,"column":0},"end":{"line":138,"column":40}},"138":{"start":{"line":139,"column":0},"end":{"line":139,"column":56}},"140":{"start":{"line":141,"column":0},"end":{"line":141,"column":122}},"141":{"start":{"line":142,"column":0},"end":{"line":142,"column":71}},"143":{"start":{"line":144,"column":0},"end":{"line":144,"column":118}},"145":{"start":{"line":146,"column":0},"end":{"line":146,"column":142}},"147":{"start":{"line":148,"column":0},"end":{"line":148,"column":26}},"148":{"start":{"line":149,"column":0},"end":{"line":149,"column":81}},"150":{"start":{"line":151,"column":0},"end":{"line":151,"column":97}},"151":{"start":{"line":152,"column":0},"end":{"line":152,"column":5}},"153":{"start":{"line":154,"column":0},"end":{"line":154,"column":24}},"154":{"start":{"line":155,"column":0},"end":{"line":155,"column":70}},"155":{"start":{"line":156,"column":0},"end":{"line":156,"column":161}},"156":{"start":{"line":157,"column":0},"end":{"line":157,"column":34}},"157":{"start":{"line":158,"column":0},"end":{"line":158,"column":5}},"159":{"start":{"line":160,"column":0},"end":{"line":160,"column":25}},"160":{"start":{"line":161,"column":0},"end":{"line":161,"column":71}},"161":{"start":{"line":162,"column":0},"end":{"line":162,"column":56}},"162":{"start":{"line":163,"column":0},"end":{"line":163,"column":89}},"163":{"start":{"line":164,"column":0},"end":{"line":164,"column":31}},"164":{"start":{"line":165,"column":0},"end":{"line":165,"column":8}},"165":{"start":{"line":166,"column":0},"end":{"line":166,"column":80}},"166":{"start":{"line":167,"column":0},"end":{"line":167,"column":5}},"168":{"start":{"line":169,"column":0},"end":{"line":169,"column":24}},"169":{"start":{"line":170,"column":0},"end":{"line":170,"column":64}},"170":{"start":{"line":171,"column":0},"end":{"line":171,"column":103}},"171":{"start":{"line":172,"column":0},"end":{"line":172,"column":34}},"172":{"start":{"line":173,"column":0},"end":{"line":173,"column":5}},"174":{"start":{"line":175,"column":0},"end":{"line":175,"column":25}},"175":{"start":{"line":176,"column":0},"end":{"line":176,"column":71}},"176":{"start":{"line":177,"column":0},"end":{"line":177,"column":40}},"177":{"start":{"line":178,"column":0},"end":{"line":178,"column":80}},"178":{"start":{"line":179,"column":0},"end":{"line":179,"column":38}},"179":{"start":{"line":180,"column":0},"end":{"line":180,"column":5}},"181":{"start":{"line":182,"column":0},"end":{"line":182,"column":28}},"182":{"start":{"line":183,"column":0},"end":{"line":183,"column":74}},"183":{"start":{"line":184,"column":0},"end":{"line":184,"column":46}},"184":{"start":{"line":185,"column":0},"end":{"line":185,"column":32}},"185":{"start":{"line":186,"column":0},"end":{"line":186,"column":5}},"187":{"start":{"line":188,"column":0},"end":{"line":188,"column":34}},"188":{"start":{"line":189,"column":0},"end":{"line":189,"column":71}},"189":{"start":{"line":190,"column":0},"end":{"line":190,"column":40}},"190":{"start":{"line":191,"column":0},"end":{"line":191,"column":93}},"191":{"start":{"line":192,"column":0},"end":{"line":192,"column":48}},"192":{"start":{"line":193,"column":0},"end":{"line":193,"column":5}},"194":{"start":{"line":195,"column":0},"end":{"line":195,"column":73}},"195":{"start":{"line":196,"column":0},"end":{"line":196,"column":40}},"196":{"start":{"line":197,"column":0},"end":{"line":197,"column":113}},"197":{"start":{"line":198,"column":0},"end":{"line":198,"column":39}},"198":{"start":{"line":199,"column":0},"end":{"line":199,"column":5}},"200":{"start":{"line":201,"column":0},"end":{"line":201,"column":28}},"201":{"start":{"line":202,"column":0},"end":{"line":202,"column":66}},"202":{"start":{"line":203,"column":0},"end":{"line":203,"column":101}},"203":{"start":{"line":204,"column":0},"end":{"line":204,"column":34}},"204":{"start":{"line":205,"column":0},"end":{"line":205,"column":5}},"206":{"start":{"line":207,"column":0},"end":{"line":207,"column":31}},"207":{"start":{"line":208,"column":0},"end":{"line":208,"column":75}},"208":{"start":{"line":209,"column":0},"end":{"line":209,"column":61}},"209":{"start":{"line":210,"column":0},"end":{"line":210,"column":82}},"210":{"start":{"line":211,"column":0},"end":{"line":211,"column":75}},"211":{"start":{"line":212,"column":0},"end":{"line":212,"column":77}},"212":{"start":{"line":213,"column":0},"end":{"line":213,"column":5}},"214":{"start":{"line":215,"column":0},"end":{"line":215,"column":39}},"215":{"start":{"line":216,"column":0},"end":{"line":216,"column":81}},"216":{"start":{"line":217,"column":0},"end":{"line":217,"column":40}},"217":{"start":{"line":218,"column":0},"end":{"line":218,"column":79}},"218":{"start":{"line":219,"column":0},"end":{"line":219,"column":91}},"219":{"start":{"line":220,"column":0},"end":{"line":220,"column":97}},"220":{"start":{"line":221,"column":0},"end":{"line":221,"column":5}},"222":{"start":{"line":223,"column":0},"end":{"line":223,"column":64}},"223":{"start":{"line":224,"column":0},"end":{"line":224,"column":68}},"224":{"start":{"line":225,"column":0},"end":{"line":225,"column":40}},"225":{"start":{"line":226,"column":0},"end":{"line":226,"column":71}},"226":{"start":{"line":227,"column":0},"end":{"line":227,"column":20}},"227":{"start":{"line":228,"column":0},"end":{"line":228,"column":23}},"228":{"start":{"line":229,"column":0},"end":{"line":229,"column":41}},"229":{"start":{"line":230,"column":0},"end":{"line":230,"column":37}},"230":{"start":{"line":231,"column":0},"end":{"line":231,"column":40}},"231":{"start":{"line":232,"column":0},"end":{"line":232,"column":36}},"232":{"start":{"line":233,"column":0},"end":{"line":233,"column":36}},"233":{"start":{"line":234,"column":0},"end":{"line":234,"column":44}},"234":{"start":{"line":235,"column":0},"end":{"line":235,"column":27}},"235":{"start":{"line":236,"column":0},"end":{"line":236,"column":61}},"236":{"start":{"line":237,"column":0},"end":{"line":237,"column":29}},"237":{"start":{"line":238,"column":0},"end":{"line":238,"column":31}},"238":{"start":{"line":239,"column":0},"end":{"line":239,"column":8}},"239":{"start":{"line":240,"column":0},"end":{"line":240,"column":49}},"240":{"start":{"line":241,"column":0},"end":{"line":241,"column":36}},"241":{"start":{"line":242,"column":0},"end":{"line":242,"column":75}},"242":{"start":{"line":243,"column":0},"end":{"line":243,"column":29}},"243":{"start":{"line":244,"column":0},"end":{"line":244,"column":32}},"244":{"start":{"line":245,"column":0},"end":{"line":245,"column":13}},"245":{"start":{"line":246,"column":0},"end":{"line":246,"column":27}},"246":{"start":{"line":247,"column":0},"end":{"line":247,"column":61}},"247":{"start":{"line":248,"column":0},"end":{"line":248,"column":74}},"248":{"start":{"line":249,"column":0},"end":{"line":249,"column":9}},"249":{"start":{"line":250,"column":0},"end":{"line":250,"column":5}},"251":{"start":{"line":252,"column":0},"end":{"line":252,"column":38}},"252":{"start":{"line":253,"column":0},"end":{"line":253,"column":66}},"253":{"start":{"line":254,"column":0},"end":{"line":254,"column":51}},"254":{"start":{"line":255,"column":0},"end":{"line":255,"column":5}},"256":{"start":{"line":257,"column":0},"end":{"line":257,"column":51}},"257":{"start":{"line":258,"column":0},"end":{"line":258,"column":72}},"258":{"start":{"line":259,"column":0},"end":{"line":259,"column":40}},"259":{"start":{"line":260,"column":0},"end":{"line":260,"column":61}},"260":{"start":{"line":261,"column":0},"end":{"line":261,"column":61}},"261":{"start":{"line":262,"column":0},"end":{"line":262,"column":7}},"262":{"start":{"line":263,"column":0},"end":{"line":263,"column":63}},"263":{"start":{"line":264,"column":0},"end":{"line":264,"column":68}},"264":{"start":{"line":265,"column":0},"end":{"line":265,"column":72}},"265":{"start":{"line":266,"column":0},"end":{"line":266,"column":42}},"266":{"start":{"line":267,"column":0},"end":{"line":267,"column":53}},"267":{"start":{"line":268,"column":0},"end":{"line":268,"column":23}},"268":{"start":{"line":269,"column":0},"end":{"line":269,"column":53}},"269":{"start":{"line":270,"column":0},"end":{"line":270,"column":118}},"270":{"start":{"line":271,"column":0},"end":{"line":271,"column":7}},"271":{"start":{"line":272,"column":0},"end":{"line":272,"column":73}},"272":{"start":{"line":273,"column":0},"end":{"line":273,"column":51}},"273":{"start":{"line":274,"column":0},"end":{"line":274,"column":49}},"274":{"start":{"line":275,"column":0},"end":{"line":275,"column":59}},"275":{"start":{"line":276,"column":0},"end":{"line":276,"column":63}},"276":{"start":{"line":277,"column":0},"end":{"line":277,"column":34}},"277":{"start":{"line":278,"column":0},"end":{"line":278,"column":5}},"279":{"start":{"line":280,"column":0},"end":{"line":280,"column":49}},"280":{"start":{"line":281,"column":0},"end":{"line":281,"column":74}},"281":{"start":{"line":282,"column":0},"end":{"line":282,"column":40}},"282":{"start":{"line":283,"column":0},"end":{"line":283,"column":81}},"283":{"start":{"line":284,"column":0},"end":{"line":284,"column":63}},"284":{"start":{"line":285,"column":0},"end":{"line":285,"column":68}},"285":{"start":{"line":286,"column":0},"end":{"line":286,"column":32}},"286":{"start":{"line":287,"column":0},"end":{"line":287,"column":76}},"287":{"start":{"line":288,"column":0},"end":{"line":288,"column":49}},"288":{"start":{"line":289,"column":0},"end":{"line":289,"column":34}},"289":{"start":{"line":290,"column":0},"end":{"line":290,"column":5}},"291":{"start":{"line":292,"column":0},"end":{"line":292,"column":16}},"292":{"start":{"line":293,"column
[...]
end":{"line":1253,"column":82}},"locations":[{"start":{"line":1253,"column":6},"end":{"line":1253,"column":82}}]},"72":{"type":"branch","line":1254,"loc":{"start":{"line":1254,"column":6},"end":{"line":1254,"column":74}},"locations":[{"start":{"line":1254,"column":6},"end":{"line":1254,"column":74}}]},"73":{"type":"branch","line":1256,"loc":{"start":{"line":1256,"column":6},"end":{"line":1256,"column":48}},"locations":[{"start":{"line":1256,"column":6},"end":{"line":1256,"column":48}}]},"74":{"type":"branch","line":1257,"loc":{"start":{"line":1257,"column":6},"end":{"line":1257,"column":48}},"locations":[{"start":{"line":1257,"column":6},"end":{"line":1257,"column":48}}]},"75":{"type":"branch","line":1258,"loc":{"start":{"line":1258,"column":6},"end":{"line":1258,"column":58}},"locations":[{"start":{"line":1258,"column":6},"end":{"line":1258,"column":58}}]},"76":{"type":"branch","line":1259,"loc":{"start":{"line":1259,"column":6},"end":{"line":1259,"column":54}},"locations":[{"start":{"line":1259,"column":6},"end":{"line":1259,"column":54}}]},"77":{"type":"branch","line":1260,"loc":{"start":{"line":1260,"column":6},"end":{"line":1260,"column":54}},"locations":[{"start":{"line":1260,"column":6},"end":{"line":1260,"column":54}}]},"78":{"type":"branch","line":1262,"loc":{"start":{"line":1262,"column":6},"end":{"line":1262,"column":56}},"locations":[{"start":{"line":1262,"column":6},"end":{"line":1262,"column":56}}]},"79":{"type":"branch","line":1264,"loc":{"start":{"line":1264,"column":6},"end":{"line":1264,"column":76}},"locations":[{"start":{"line":1264,"column":6},"end":{"line":1264,"column":76}}]},"80":{"type":"branch","line":1265,"loc":{"start":{"line":1265,"column":6},"end":{"line":1265,"column":58}},"locations":[{"start":{"line":1265,"column":6},"end":{"line":1265,"column":58}}]},"81":{"type":"branch","line":1266,"loc":{"start":{"line":1266,"column":6},"end":{"line":1266,"column":66}},"locations":[{"start":{"line":1266,"column":6},"end":{"line":1266,"column":66}}]},"82":{"type":"branch","line":1267,"loc":{"start":{"line":1267,"column":6},"end":{"line":1267,"column":74}},"locations":[{"start":{"line":1267,"column":6},"end":{"line":1267,"column":74}}]},"83":{"type":"branch","line":1268,"loc":{"start":{"line":1268,"column":6},"end":{"line":1268,"column":62}},"locations":[{"start":{"line":1268,"column":6},"end":{"line":1268,"column":62}}]},"84":{"type":"branch","line":1270,"loc":{"start":{"line":1270,"column":6},"end":{"line":1270,"column":62}},"locations":[{"start":{"line":1270,"column":6},"end":{"line":1270,"column":62}}]},"85":{"type":"branch","line":1271,"loc":{"start":{"line":1271,"column":6},"end":{"line":1271,"column":66}},"locations":[{"start":{"line":1271,"column":6},"end":{"line":1271,"column":66}}]},"86":{"type":"branch","line":1272,"loc":{"start":{"line":1272,"column":6},"end":{"line":1272,"column":62}},"locations":[{"start":{"line":1272,"column":6},"end":{"line":1272,"column":62}}]},"87":{"type":"branch","line":1273,"loc":{"start":{"line":1273,"column":6},"end":{"line":1273,"column":60}},"locations":[{"start":{"line":1273,"column":6},"end":{"line":1273,"column":60}}]},"88":{"type":"branch","line":1274,"loc":{"start":{"line":1274,"column":6},"end":{"line":1274,"column":121}},"locations":[{"start":{"line":1274,"column":6},"end":{"line":1274,"column":121}}]},"89":{"type":"branch","line":1293,"loc":{"start":{"line":1293,"column":119},"end":{"line":1293,"column":130}},"locations":[{"start":{"line":1293,"column":119},"end":{"line":1293,"column":130}}]},"90":{"type":"branch","line":1300,"loc":{"start":{"line":1300,"column":0},"end":{"line":1387,"column":1}},"locations":[{"start":{"line":1300,"column":0},"end":{"line":1387,"column":1}}]},"91":{"type":"branch","line":1337,"loc":{"start":{"line":1337,"column":33},"end":{"line":1337,"column":60}},"locations":[{"start":{"line":1337,"column":33},"end":{"line":1337,"column":60}}]},"92":{"type":"branch","line":1366,"loc":{"start":{"line":1366,"column":52},"end":{"line":1366,"column":89}},"locations":[{"start":{"line":1366,"column":52},"end":{"line":1366,"column":89}}]},"93":{"type":"branch","line":1366,"loc":{"start":{"line":1366,"column":65},"end":{"line":1366,"column":111}},"locations":[{"start":{"line":1366,"column":65},"end":{"line":1366,"column":111}}]},"94":{"type":"branch","line":1367,"loc":{"start":{"line":1367,"column":20},"end":{"line":1367,"column":53}},"locations":[{"start":{"line":1367,"column":20},"end":{"line":1367,"column":53}}]},"95":{"type":"branch","line":1367,"loc":{"start":{"line":1367,"column":33},"end":{"line":1367,"column":69}},"locations":[{"start":{"line":1367,"column":33},"end":{"line":1367,"column":69}}]},"96":{"type":"branch","line":1311,"loc":{"start":{"line":1311,"column":12},"end":{"line":1326,"column":5}},"locations":[{"start":{"line":1311,"column":12},"end":{"line":1326,"column":5}}]},"97":{"type":"branch","line":1317,"loc":{"start":{"line":1317,"column":12},"end":{"line":1325,"column":5}},"locations":[{"start":{"line":1317,"column":12},"end":{"line":1325,"column":5}}]},"98":{"type":"branch","line":1318,"loc":{"start":{"line":1318,"column":14},"end":{"line":1324,"column":8}},"locations":[{"start":{"line":1318,"column":14},"end":{"line":1324,"column":8}}]},"99":{"type":"branch","line":1320,"loc":{"start":{"line":1320,"column":20},"end":{"line":1320,"column":43}},"locations":[{"start":{"line":1320,"column":20},"end":{"line":1320,"column":43}}]},"100":{"type":"branch","line":1321,"loc":{"start":{"line":1321,"column":15},"end":{"line":1321,"column":35}},"locations":[{"start":{"line":1321,"column":15},"end":{"line":1321,"column":35}}]},"101":{"type":"branch","line":1322,"loc":{"start":{"line":1322,"column":19},"end":{"line":1322,"column":47}},"locations":[{"start":{"line":1322,"column":19},"end":{"line":1322,"column":47}}]},"102":{"type":"branch","line":1323,"loc":{"start":{"line":1323,"column":16},"end":{"line":1323,"column":38}},"locations":[{"start":{"line":1323,"column":16},"end":{"line":1323,"column":38}}]},"103":{"type":"branch","line":1356,"loc":{"start":{"line":1356,"column":17},"end":{"line":1360,"column":16}},"locations":[{"start":{"line":1356,"column":17},"end":{"line":1360,"column":16}}]},"104":{"type":"branch","line":1357,"loc":{"start":{"line":1357,"column":15},"end":{"line":1357,"column":84}},"locations":[{"start":{"line":1357,"column":15},"end":{"line":1357,"column":84}}]},"105":{"type":"branch","line":1357,"loc":{"start":{"line":1357,"column":76},"end":{"line":1360,"column":16}},"locations":[{"start":{"line":1357,"column":76},"end":{"line":1360,"column":16}}]},"106":{"type":"branch","line":1358,"loc":{"start":{"line":1358,"column":66},"end":{"line":1358,"column":82}},"locations":[{"start":{"line":1358,"column":66},"end":{"line":1358,"column":82}}]},"107":{"type":"branch","line":1358,"loc":{"start":{"line":1358,"column":71},"end":{"line":1358,"column":84}},"locations":[{"start":{"line":1358,"column":71},"end":{"line":1358,"column":84}}]}},"b":{"0":[0],"1":[36],"2":[0],"3":[23],"4":[0],"5":[0],"6":[9],"7":[151],"8":[42],"9":[0],"10":[0],"11":[0],"12":[0],"13":[27],"14":[0],"15":[14],"16":[0],"17":[14],"18":[0],"19":[70],"20":[0],"21":[0],"22":[0],"23":[0],"24":[0],"25":[14],"26":[0],"27":[14],"28":[5],"29":[9],"30":[5],"31":[10],"32":[14],"33":[0],"34":[196],"35":[0],"36":[28],"37":[14],"38":[14],"39":[168],"40":[182],"41":[14],"42":[5],"43":[10],"44":[5],"45":[9],"46":[115],"47":[14],"48":[10],"49":[0],"50":[0],"51":[8],"52":[0],"53":[0],"54":[0],"55":[14],"56":[14],"57":[0],"58":[0],"59":[0],"60":[0],"61":[9],"62":[0],"63":[9],"64":[70],"65":[14],"66":[14],"67":[14],"68":[14],"69":[14],"70":[0],"71":[0],"72":[0],"73":[0],"74":[0],"75":[0],"76":[0],"77":[0],"78":[0],"79":[0],"80":[0],"81":[0],"82":[0],"83":[0],"84":[0],"85":[0],"86":[0],"87":[0],"88":[0],"89":[70],"90":[14],"91":[0],"92":[5],"93":[9],"94":[5],"95":[9],"96":[9],"97":[9],"98":[9],"99":[0],"100":[0],"101":[0],"102":[0],"103":[126],"104":[42],"105":[84],"106":[14],"107":[70]},"fnMap":{"0":{"name":"dispatchFeedback","decl":{"start":{"line":55,"column":0},"end":{"line":68,"column":1}},"loc":{"start":{"line":55,"column":0},"end":{"line":68,"column":1}},"line":55},"1":{"name":"api","decl":{"start":{"line":99,"column":0},"end":{"line":104,"column":1}},"loc":{"start":{"line":99,"column":0},"end":{"line":104,"column":1}},"line":99},"2":{"name":"loadLayouts","decl":{"start":{"line":111,"column":0},"end":{"line":116,"column":1}},"loc":{"start":{"line":111,"column":0},"end":{"line":116,"column":1}},"line":111},"3":{"name":"saveLayouts","decl":{"start":{"line":118,"column":0},"end":{"line":120,"column":1}},"loc":{"start":{"line":118,"column":0},"end":{"line":120,"column":1}},"line":118},"4":{"name":"JsonViewer","decl":{"start":{"line":196,"column":0},"end":{"line":198,"column":1}},"loc":{"start":{"line":196,"column":0},"end":{"line":198,"column":1}},"line":196},"5":{"name":"Badge","decl":{"start":{"line":200,"column":0},"end":{"line":202,"column":1}},"loc":{"start":{"line":200,"column":0},"end":{"line":202,"column":1}},"line":200},"6":{"name":"AIHelpMenu","decl":{"start":{"line":246,"column":0},"end":{"line":314,"column":1}},"loc":{"start":{"line":246,"column":0},"end":{"line":314,"column":1}},"line":246},"7":{"name":"handleSuggestion","decl":{"start":{"line":255,"column":27},"end":{"line":258,"column":4}},"loc":{"start":{"line":255,"column":27},"end":{"line":258,"column":4}},"line":255},"8":{"name":"handleAsk","decl":{"start":{"line":260,"column":20},"end":{"line":273,"column":4}},"loc":{"start":{"line":260,"column":20},"end":{"line":273,"column":4}},"line":260},"9":{"name":"handler","decl":{"start":{"line":278,"column":20},"end":{"line":278,"column":99}},"loc":{"start":{"line":278,"column":20},"end":{"line":278,"column":99}},"line":278},"10":{"name":"onClick","decl":{"start":{"line":285,"column":72},"end":{"line":285,"column":94}},"loc":{"start":{"line":285,"column":72},"end":{"line":285,"column":94}},"line":285},"11":{"name":"onChange","decl":{"start":{"line":307,"column":46},"end":{"line":307,"column":80}},"loc":{"start":{"line":307,"column":46},"end":{"line":307,"column":80}},"line":307},"12":{"name":"onKeyDown","decl":{"start":{"line":307,"column":91},"end":{"line":307,"column":130}},"loc":{"start":{"line":307,"column":91},"end":{"line":307,"column":130}},"line":307},"13":{"name":"Drawer","decl":{"start":{"line":316,"column":0},"end":{"line":328,"column":1}},"loc":{"start":{"line":316,"column":0},"end":{"line":328,"column":1}},"line":316},"14":{"name":"WidgetGrid","decl":{"start":{"line":334,"column":0},"end":{"line":441,"column":1}},"loc":{"start":{"line":334,"column":0},"end":{"line":441,"column":1}},"line":334},"15":{"name":"onDragStart","decl":{"start":{"line":428,"column":23},"end":{"line":428,"column":54}},"loc":{"start":{"line":428,"column":23},"end":{"line":428,"column":54}},"line":428},"16":{"name":"onDragOver","decl":{"start":{"line":429,"column":22},"end":{"line":429,"column":52}},"loc":{"start":{"line":429,"column":22},"end":{"line":429,"column":52}},"line":429},"17":{"name":"onDrop","decl":{"start":{"line":430,"column":18},"end":{"line":430,"column":44}},"loc":{"start":{"line":430,"column":18},"end":{"line":430,"column":44}},"line":430},"18":{"name":"onClick","decl":{"start":{"line":434,"column":62},"end":{"line":434,"column":87}},"loc":{"start":{"line":434,"column":62},"end":{"line":434,"column":87}},"line":434},"19":{"name":"onMouseDown","decl":{"start":{"line":435,"column":66},"end":{"line":435,"column":100}},"loc":{"start":{"line":435,"column":66},"end":{"line":435,"column":100}},"line":435},"20":{"name":"WidgetCatalog","decl":{"start":{"line":443,"column":0},"end":{"line":470,"column":1}},"loc":{"start":{"line":443,"column":0},"end":{"line":470,"column":1}},"line":443},"21":{"name":"StatsRowWidget","decl":{"start":{"line":478,"column":0},"end":{"line":504,"column":1}},"loc":{"start":{"line":478,"column":0},"end":{"line":504,"column":1}},"line":478},"22":{"name":"onClick","decl":{"start":{"line":482,"column":42},"end":{"line":482,"column":68}},"loc":{"start":{"line":482,"column":42},"end":{"line":482,"column":68}},"line":482},"23":{"name":"onClick","decl":{"start":{"line":487,"column":42},"end":{"line":487,"column":64}},"loc":{"start":{"line":487,"column":42},"end":{"line":487,"column":64}},"line":487},"24":{"name":"BCTSMachineWidget","decl":{"start":{"line":506,"column":0},"end":{"line":527,"column":1}},"loc":{"start":{"line":506,"column":0},"end":{"line":527,"column":1}},"line":506},"25":{"name":"onClick","decl":{"start":{"line":513,"column":166},"end":{"line":513,"column":219}},"loc":{"start":{"line":513,"column":166},"end":{"line":513,"column":219}},"line":513},"26":{"name":"WorkflowStagesWidget","decl":{"start":{"line":529,"column":0},"end":{"line":539,"column":1}},"loc":{"start":{"line":529,"column":0},"end":{"line":539,"column":1}},"line":529},"27":{"name":"GovernorsTableWidget","decl":{"start":{"line":541,"column":0},"end":{"line":576,"column":1}},"loc":{"start":{"line":541,"column":0},"end":{"line":576,"column":1}},"line":541},"28":{"name":"onClick","decl":{"start":{"line":553,"column":39},"end":{"line":553,"column":65}},"loc":{"start":{"line":553,"column":39},"end":{"line":553,"column":65}},"line":553},"29":{"name":"onClose","decl":{"start":{"line":565,"column":43},"end":{"line":565,"column":72}},"loc":{"start":{"line":565,"column":43},"end":{"line":565,"column":72}},"line":565},"30":{"name":"DecisionsTableWidget","decl":{"start":{"line":578,"column":0},"end":{"line":598,"column":1}},"loc":{"start":{"line":578,"column":0},"end":{"line":598,"column":1}},"line":578},"31":{"name":"onClick","decl":{"start":{"line":581,"column":247},"end":{"line":581,"column":269}},"loc":{"start":{"line":581,"column":247},"end":{"line":581,"column":269}},"line":581},"32":{"name":"BoDStatsWidget","decl":{"start":{"line":602,"column":0},"end":{"line":611,"column":1}},"loc":{"start":{"line":602,"column":0},"end":{"line":611,"column":1}},"line":602},"33":{"name":"BoDCreateWidget","decl":{"start":{"line":613,"column":0},"end":{"line":635,"column":1}},"loc":{"start":{"line":613,"column":0},"end":{"line":635,"column":1}},"line":613},"34":{"name":"BoDResolutionsWidget","decl":{"start":{"line":637,"column":0},"end":{"line":675,"column":1}},"loc":{"start":{"line":637,"column":0},"end":{"line":675,"column":1}},"line":637},"35":{"name":"CAStatsWidget","decl":{"start":{"line":685,"column":0},"end":{"line":693,"column":1}},"loc":{"start":{"line":685,"column":0},"end":{"line":693,"column":1}},"line":685},"36":{"name":"CACasesWidget","decl":{"start":{"line":695,"column":0},"end":{"line":715,"column":1}},"loc":{"start":{"line":695,"column":0},"end":{"line":715,"column":1}},"line":695},"37":{"name":"CAInvariantsWidget","decl":{"start":{"line":717,"column":0},"end":{"line":733,"column":1}},"loc":{"start":{"line":717,"column":0},"end":{"line":733,"column":1}},"line":717},"38":{"name":"CAEvidenceWidget","decl":{"start":{"line":735,"column":0},"end":{"line":751,"column":1}},"loc":{"start":{"line":735,"column":0},"end":{"line":751,"column":1}},"line":735},"39":{"name":"CAWorkflowWidget","decl":{"start":{"line":753,"column":0},"end":{"line":773,"column":1}},"loc":{"start":{"line":753,"column":0},"end":{"line":773,"column":1}},"line":753},"40":{"name":"BuilderMainWidget","decl":{"start":{"line":777,"column":0},"end":{"line":906,"column":1}},"loc":{"start":{"line":777,"column":0},"end":{"line":906,"column":1}},"line":777},"41":{"name":"AIChatWidget","decl":{"start":{"line":910,"column":0},"end":{"line":1017,"column":1}},"loc":{"start":{"line":910,"column":0},"end":{"line":1017,"column":1}},"line":910},"42":{"name":"QuickActionsWidget","decl":{"start":{"line":1019,"column":0},"end":{"line":1038,"column":1}},"loc":{"start":{"line":1019,"column":0},"end":{"line":1038,"column":1}},"line":1019},"43":{"name":"FeedbackPipelineWidget","decl":{"start":{"line":1040,"column":0},"end":{"line":1063,"column":1}},"loc":{"start":{"line":1040,"column":0},"end":{"line":1063,"column":1}},"line":1040},"44":{"name":"CouncilBacklogWidget","decl":{"start":{"line":1065,"column":0},"end":{"line":1095,"column":1}},"loc":{"start":{"line":1065,"column":0},"end":{"line":1095,"column":1}},"line":1065},"45":{"name":"ArchonPipelineWidget","decl":{"start":{"line":1097,"column":0},"end":{"line":1117,"column":1}},"loc":{"start":{"line":1097,"column":0},"end":{"line":1117,"column":1}},"line":1097},"46":{"name":"InvariantsGridWidget","decl":{"start":{"line":1121,"column":0},"end":{"line":1141,"column":1}},"loc":{"start":{"line":1121,"column":0},"end":{"line":1141,"column":1}},"line":1121},"47":{"name":"CryptoPrimitivesWidget","decl":{"start":{"line":1143,"column":0},"end":{"line":1165,"column":1}},"loc":{"start":{"line":1143,"column":0},"end":{"line":1165,"column":1}},"line":1143},"48":{"name":"MCPRulesWidget","decl":{"start":{"line":1167,"column":0},"end":{"line":1189,"column":1}},"loc":{"start":{"line":1167,"column":0},"end":{"line":1189,"column":1}},"line":1167},"49":{"name":"BCTSLifecycleWidget","decl":{"start":{"line":1191,"column":0},"end":{"line":1208,"column":1}},"loc":{"start":{"line":1191,"column":0},"end":{"line":1208,"column":1}},"line":1191},"50":{"name":"WidgetPage","decl":{"start":{"line":1214,"column":0},"end":{"line":1295,"column":1}},"loc":{"start":{"line":1214,"column":0},"end":{"line":1295,"column":1}},"line":1214},"51":{"name":"onClick","decl":{"start":{"line":1285,"column":74},"end":{"line":1285,"column":102}},"loc":{"start":{"line":1285,"column":74},"end":{"line":1285,"column":102}},"line":1285},"52":{"name":"onClick","decl":{"start":{"line":1287,"column":95},"end":{"line":1287,"column":123}},"loc":{"start":{"line":1287,"column":95},"end":{"line":1287,"column":123}},"line":1287},"53":{"name":"onClose","decl":{"start":{"line":1293,"column":47},"end":{"line":1293,"column":76}},"loc":{"start":{"line":1293,"column":47},"end":{"line":1293,"column":76}},"line":1293},"54":{"name":"App","decl":{"start":{"line":1300,"column":0},"end":{"line":1387,"column":1}},"loc":{"start":{"line":1300,"column":0},"end":{"line":1387,"column":1}},"line":1300},"55":{"name":"onClick","decl":{"start":{"line":1358,"column":97},"end":{"line":1358,"column":145}},"loc":{"start":{"line":1358,"column":97},"end":{"line":1358,"column":145}},"line":1358}},"f":{"0":0,"1":36,"2":23,"3":9,"4":0,"5":151,"6":42,"7":0,"8":0,"9":0,"10":0,"11":0,"12":0,"13":14,"14":14,"15":0,"16":0,"17":0,"18":0,"19":0,"20":14,"21":14,"22":0,"23":0,"24":14,"25":0,"26":14,"27":14,"28":0,"29":0,"30":14,"31":0,"32":0,"33":0,"34":0,"35":0,"36":0,"37":0,"38":0,"39":0,"40":0,"41":0,"42":0,"43":0,"44":0,"45":0,"46":0,"47":0,"48":0,"49":0,"50":14,"51":0,"52":0,"53":0,"54":14,"55":0}}
,"/Users/bobstewart/.archon/worktrees/aeonsynthesis/exochain/archon/thread-263de2d8/demo/web/src/main.jsx": {"path":"/Users/bobstewart/.archon/worktrees/aeonsynthesis/exochain/archon/thread-263de2d8/demo/web/src/main.jsx","all":true,"statementMap":{"0":{"start":{"line":1,"column":0},"end":{"line":1,"column":34}},"1":{"start":{"line":2,"column":0},"end":{"line":2,"column":45}},"2":{"start":{"line":3,"column":0},"end":{"line":3,"column":20}},"3":{"start":{"line":4,"column":0},"end":{"line":4,"column":27}},"5":{"start":{"line":6,"column":0},"end":{"line":6,"column":51}},"6":{"start":{"line":7,"column":0},"end":{"line":7,"column":14}},"7":{"start":{"line":8,"column":0},"end":{"line":8,"column":11}},"8":{"start":{"line":9,"column":0},"end":{"line":9,"column":16}},"9":{"start":{"line":10,"column":0},"end":{"line":10,"column":1}}},"s":{"0":0,"1":0,"2":0,"3":0,"5":0,"6":0,"7":0,"8":0,"9":0},"branchMap":{"0":{"type":"branch","line":1,"loc":{"start":{"line":1,"column":0},"end":{"line":10,"column":-126}},"locations":[{"start":{"line":1,"column":0},"end":{"line":10,"column":-126}}]}},"b":{"0":[0]},"fnMap":{"0":{"name":"(empty-report)","decl":{"start":{"line":1,"column":0},"end":{"line":10,"column":-126}},"loc":{"start":{"line":1,"column":0},"end":{"line":10,"column":-126}},"line":1}},"f":{"0":0}}
}
